The system is: Linux - 5.15.0-87-generic - x86_64
Compiling the CXX compiler identification source file "CMakeCXXCompilerId.cpp" succeeded.
Compiler: /usr/bin/c++ 
Build flags: 
Id flags:  

The output was:
0


Compilation of the CXX compiler identification source "CMakeCXXCompilerId.cpp" produced "a.out"

The CXX compiler identification is GNU, found in "/home/alvaropr/workarea/gnuradio/gr-demonstrator/CMakeFiles/3.16.3/CompilerIdCXX/a.out"

Compiling the C compiler identification source file "CMakeCCompilerId.c" succeeded.
Compiler: /usr/bin/cc 
Build flags: 
Id flags:  

The output was:
0


Compilation of the C compiler identification source "CMakeCCompilerId.c" produced "a.out"

The C compiler identification is GNU, found in "/home/alvaropr/workarea/gnuradio/gr-demonstrator/CMakeFiles/3.16.3/CompilerIdC/a.out"

Determining if the CXX compiler works passed with the following output:
Change Dir: /home/alvaropr/workarea/gnuradio/gr-demonstrator/CMakeFiles/CMakeTmp

Run Build Command(s):/usr/bin/make cmTC_b9c9c/fast && /usr/bin/make -f CMakeFiles/cmTC_b9c9c.dir/build.make CMakeFiles/cmTC_b9c9c.dir/build
make[1]: Entering directory '/home/alvaropr/workarea/gnuradio/gr-demonstrator/CMakeFiles/CMakeTmp'
Building CXX object CMakeFiles/cmTC_b9c9c.dir/testCXXCompiler.cxx.o
/usr/bin/c++     -o CMakeFiles/cmTC_b9c9c.dir/testCXXCompiler.cxx.o -c /home/alvaropr/workarea/gnuradio/gr-demonstrator/CMakeFiles/CMakeTmp/testCXXCompiler.cxx
Linking CXX executable cmTC_b9c9c
/usr/bin/cmake -E cmake_link_script CMakeFiles/cmTC_b9c9c.dir/link.txt --verbose=1
/usr/bin/c++       CMakeFiles/cmTC_b9c9c.dir/testCXXCompiler.cxx.o  -o cmTC_b9c9c 
make[1]: Leaving directory '/home/alvaropr/workarea/gnuradio/gr-demonstrator/CMakeFiles/CMakeTmp'



Detecting CXX compiler ABI info compiled with the following output:
Change Dir: /home/alvaropr/workarea/gnuradio/gr-demonstrator/CMakeFiles/CMakeTmp

Run Build Command(s):/usr/bin/make cmTC_62382/fast && /usr/bin/make -f CMakeFiles/cmTC_62382.dir/build.make CMakeFiles/cmTC_62382.dir/build
make[1]: Entering directory '/home/alvaropr/workarea/gnuradio/gr-demonstrator/CMakeFiles/CMakeTmp'
Building CXX object CMakeFiles/cmTC_62382.dir/CMakeCXXCompilerABI.cpp.o
/usr/bin/c++    -v -o CMakeFiles/cmTC_62382.dir/CMakeCXXCompilerABI.cpp.o -c /usr/share/cmake-3.16/Modules/CMakeCXXCompilerABI.cpp
Using built-in specs.
COLLECT_GCC=/usr/bin/c++
OFFLOAD_TARGET_NAMES=nvptx-none:hsa
OFFLOAD_TARGET_DEFAULT=1
Target: x86_64-linux-gnu
Configured with: ../src/configure -v --with-pkgversion='Ubuntu 9.4.0-1ubuntu1~20.04.2' --with-bugurl=file:///usr/share/doc/gcc-9/README.Bugs --enable-languages=c,ada,c++,go,brig,d,fortran,objc,obj-c++,gm2 --prefix=/usr --with-gcc-major-version-only --program-suffix=-9 --program-prefix=x86_64-linux-gnu- --enable-shared --enable-linker-build-id --libexecdir=/usr/lib --without-included-gettext --enable-threads=posix --libdir=/usr/lib --enable-nls --enable-clocale=gnu --enable-libstdcxx-debug --enable-libstdcxx-time=yes --with-default-libstdcxx-abi=new --enable-gnu-unique-object --disable-vtable-verify --enable-plugin --enable-default-pie --with-system-zlib --with-target-system-zlib=auto --enable-objc-gc=auto --enable-multiarch --disable-werror --with-arch-32=i686 --with-abi=m64 --with-multilib-list=m32,m64,mx32 --enable-multilib --with-tune=generic --enable-offload-targets=nvptx-none=/build/gcc-9-9QDOt0/gcc-9-9.4.0/debian/tmp-nvptx/usr,hsa --without-cuda-driver --enable-checking=release --build=x86_64-linux-gnu --host=x86_64-linux-gnu --target=x86_64-linux-gnu
Thread model: posix
gcc version 9.4.0 (Ubuntu 9.4.0-1ubuntu1~20.04.2) 
COLLECT_GCC_OPTIONS='-v' '-o' 'CMakeFiles/cmTC_62382.dir/CMakeCXXCompilerABI.cpp.o' '-c' '-shared-libgcc' '-mtune=generic' '-march=x86-64'
 /usr/lib/gcc/x86_64-linux-gnu/9/cc1plus -quiet -v -imultiarch x86_64-linux-gnu -D_GNU_SOURCE /usr/share/cmake-3.16/Modules/CMakeCXXCompilerABI.cpp -quiet -dumpbase CMakeCXXCompilerABI.cpp -mtune=generic -march=x86-64 -auxbase-strip CMakeFiles/cmTC_62382.dir/CMakeCXXCompilerABI.cpp.o -version -fasynchronous-unwind-tables -fstack-protector-strong -Wformat -Wformat-security -fstack-clash-protection -fcf-protection -o /tmp/cc20XtXq.s
GNU C++14 (Ubuntu 9.4.0-1ubuntu1~20.04.2) version 9.4.0 (x86_64-linux-gnu)
	compiled by GNU C version 9.4.0, GMP version 6.2.0, MPFR version 4.0.2, MPC version 1.1.0, isl version isl-0.22.1-GMP

GGC heuristics: --param ggc-min-expand=100 --param ggc-min-heapsize=131072
ignoring duplicate directory "/usr/include/x86_64-linux-gnu/c++/9"
ignoring nonexistent directory "/usr/local/include/x86_64-linux-gnu"
ignoring nonexistent directory "/usr/lib/gcc/x86_64-linux-gnu/9/include-fixed"
ignoring nonexistent directory "/usr/lib/gcc/x86_64-linux-gnu/9/../../../../x86_64-linux-gnu/include"
#include "..." search starts here:
#include <...> search starts here:
 /usr/include/c++/9
 /usr/include/x86_64-linux-gnu/c++/9
 /usr/include/c++/9/backward
 /usr/lib/gcc/x86_64-linux-gnu/9/include
 /usr/local/include
 /usr/include/x86_64-linux-gnu
 /usr/include
End of search list.
GNU C++14 (Ubuntu 9.4.0-1ubuntu1~20.04.2) version 9.4.0 (x86_64-linux-gnu)
	compiled by GNU C version 9.4.0, GMP version 6.2.0, MPFR version 4.0.2, MPC version 1.1.0, isl version isl-0.22.1-GMP

GGC heuristics: --param ggc-min-expand=100 --param ggc-min-heapsize=131072
Compiler executable checksum: 3d1eba838554fa2348dba760e4770469
COLLECT_GCC_OPTIONS='-v' '-o' 'CMakeFiles/cmTC_62382.dir/CMakeCXXCompilerABI.cpp.o' '-c' '-shared-libgcc' '-mtune=generic' '-march=x86-64'
 as -v --64 -o CMakeFiles/cmTC_62382.dir/CMakeCXXCompilerABI.cpp.o /tmp/cc20XtXq.s
GNU assembler version 2.34 (x86_64-linux-gnu) using BFD version (GNU Binutils for Ubuntu) 2.34
COMPILER_PATH=/usr/lib/gcc/x86_64-linux-gnu/9/:/usr/lib/gcc/x86_64-linux-gnu/9/:/usr/lib/gcc/x86_64-linux-gnu/:/usr/lib/gcc/x86_64-linux-gnu/9/:/usr/lib/gcc/x86_64-linux-gnu/
LIBRARY_PATH=/usr/lib/gcc/x86_64-linux-gnu/9/:/usr/lib/gcc/x86_64-linux-gnu/9/../../../x86_64-linux-gnu/:/usr/lib/gcc/x86_64-linux-gnu/9/../../../../lib/:/lib/x86_64-linux-gnu/:/lib/../lib/:/usr/lib/x86_64-linux-gnu/:/usr/lib/../lib/:/usr/lib/gcc/x86_64-linux-gnu/9/../../../:/lib/:/usr/lib/
COLLECT_GCC_OPTIONS='-v' '-o' 'CMakeFiles/cmTC_62382.dir/CMakeCXXCompilerABI.cpp.o' '-c' '-shared-libgcc' '-mtune=generic' '-march=x86-64'
Linking CXX executable cmTC_62382
/usr/bin/cmake -E cmake_link_script CMakeFiles/cmTC_62382.dir/link.txt --verbose=1
/usr/bin/c++      -v CMakeFiles/cmTC_62382.dir/CMakeCXXCompilerABI.cpp.o  -o cmTC_62382 
Using built-in specs.
COLLECT_GCC=/usr/bin/c++
COLLECT_LTO_WRAPPER=/usr/lib/gcc/x86_64-linux-gnu/9/lto-wrapper
OFFLOAD_TARGET_NAMES=nvptx-none:hsa
OFFLOAD_TARGET_DEFAULT=1
Target: x86_64-linux-gnu
Configured with: ../src/configure -v --with-pkgversion='Ubuntu 9.4.0-1ubuntu1~20.04.2' --with-bugurl=file:///usr/share/doc/gcc-9/README.Bugs --enable-languages=c,ada,c++,go,brig,d,fortran,objc,obj-c++,gm2 --prefix=/usr --with-gcc-major-version-only --program-suffix=-9 --program-prefix=x86_64-linux-gnu- --enable-shared --enable-linker-build-id --libexecdir=/usr/lib --without-included-gettext --enable-threads=posix --libdir=/usr/lib --enable-nls --enable-clocale=gnu --enable-libstdcxx-debug --enable-libstdcxx-time=yes --with-default-libstdcxx-abi=new --enable-gnu-unique-object --disable-vtable-verify --enable-plugin --enable-default-pie --with-system-zlib --with-target-system-zlib=auto --enable-objc-gc=auto --enable-multiarch --disable-werror --with-arch-32=i686 --with-abi=m64 --with-multilib-list=m32,m64,mx32 --enable-multilib --with-tune=generic --enable-offload-targets=nvptx-none=/build/gcc-9-9QDOt0/gcc-9-9.4.0/debian/tmp-nvptx/usr,hsa --without-cuda-driver --enable-checking=release --build=x86_64-linux-gnu --host=x86_64-linux-gnu --target=x86_64-linux-gnu
Thread model: posix
gcc version 9.4.0 (Ubuntu 9.4.0-1ubuntu1~20.04.2) 
COMPILER_PATH=/usr/lib/gcc/x86_64-linux-gnu/9/:/usr/lib/gcc/x86_64-linux-gnu/9/:/usr/lib/gcc/x86_64-linux-gnu/:/usr/lib/gcc/x86_64-linux-gnu/9/:/usr/lib/gcc/x86_64-linux-gnu/
LIBRARY_PATH=/usr/lib/gcc/x86_64-linux-gnu/9/:/usr/lib/gcc/x86_64-linux-gnu/9/../../../x86_64-linux-gnu/:/usr/lib/gcc/x86_64-linux-gnu/9/../../../../lib/:/lib/x86_64-linux-gnu/:/lib/../lib/:/usr/lib/x86_64-linux-gnu/:/usr/lib/../lib/:/usr/lib/gcc/x86_64-linux-gnu/9/../../../:/lib/:/usr/lib/
COLLECT_GCC_OPTIONS='-v' '-o' 'cmTC_62382' '-shared-libgcc' '-mtune=generic' '-march=x86-64'
 /usr/lib/gcc/x86_64-linux-gnu/9/collect2 -plugin /usr/lib/gcc/x86_64-linux-gnu/9/liblto_plugin.so -plugin-opt=/usr/lib/gcc/x86_64-linux-gnu/9/lto-wrapper -plugin-opt=-fresolution=/tmp/cc1VXfXT.res -plugin-opt=-pass-through=-lgcc_s -plugin-opt=-pass-through=-lgcc -plugin-opt=-pass-through=-lc -plugin-opt=-pass-through=-lgcc_s -plugin-opt=-pass-through=-lgcc --build-id --eh-frame-hdr -m elf_x86_64 --hash-style=gnu --as-needed -dynamic-linker /lib64/ld-linux-x86-64.so.2 -pie -z now -z relro -o cmTC_62382 /usr/lib/gcc/x86_64-linux-gnu/9/../../../x86_64-linux-gnu/Scrt1.o /usr/lib/gcc/x86_64-linux-gnu/9/../../../x86_64-linux-gnu/crti.o /usr/lib/gcc/x86_64-linux-gnu/9/crtbeginS.o -L/usr/lib/gcc/x86_64-linux-gnu/9 -L/usr/lib/gcc/x86_64-linux-gnu/9/../../../x86_64-linux-gnu -L/usr/lib/gcc/x86_64-linux-gnu/9/../../../../lib -L/lib/x86_64-linux-gnu -L/lib/../lib -L/usr/lib/x86_64-linux-gnu -L/usr/lib/../lib -L/usr/lib/gcc/x86_64-linux-gnu/9/../../.. CMakeFiles/cmTC_62382.dir/CMakeCXXCompilerABI.cpp.o -lstdc++ -lm -lgcc_s -lgcc -lc -lgcc_s -lgcc /usr/lib/gcc/x86_64-linux-gnu/9/crtendS.o /usr/lib/gcc/x86_64-linux-gnu/9/../../../x86_64-linux-gnu/crtn.o
COLLECT_GCC_OPTIONS='-v' '-o' 'cmTC_62382' '-shared-libgcc' '-mtune=generic' '-march=x86-64'
make[1]: Leaving directory '/home/alvaropr/workarea/gnuradio/gr-demonstrator/CMakeFiles/CMakeTmp'



Parsed CXX implicit include dir info from above output: rv=done
  found start of include info
  found start of implicit include info
    add: [/usr/include/c++/9]
    add: [/usr/include/x86_64-linux-gnu/c++/9]
    add: [/usr/include/c++/9/backward]
    add: [/usr/lib/gcc/x86_64-linux-gnu/9/include]
    add: [/usr/local/include]
    add: [/usr/include/x86_64-linux-gnu]
    add: [/usr/include]
  end of search list found
  collapse include dir [/usr/include/c++/9] ==> [/usr/include/c++/9]
  collapse include dir [/usr/include/x86_64-linux-gnu/c++/9] ==> [/usr/include/x86_64-linux-gnu/c++/9]
  collapse include dir [/usr/include/c++/9/backward] ==> [/usr/include/c++/9/backward]
  collapse include dir [/usr/lib/gcc/x86_64-linux-gnu/9/include] ==> [/usr/lib/gcc/x86_64-linux-gnu/9/include]
  collapse include dir [/usr/local/include] ==> [/usr/local/include]
  collapse include dir [/usr/include/x86_64-linux-gnu] ==> [/usr/include/x86_64-linux-gnu]
  collapse include dir [/usr/include] ==> [/usr/include]
  implicit include dirs: [/usr/include/c++/9;/usr/include/x86_64-linux-gnu/c++/9;/usr/include/c++/9/backward;/usr/lib/gcc/x86_64-linux-gnu/9/include;/usr/local/include;/usr/include/x86_64-linux-gnu;/usr/include]


Parsed CXX implicit link information from above output:
  link line regex: [^( *|.*[/\])(ld|CMAKE_LINK_STARTFILE-NOTFOUND|([^/\]+-)?ld|collect2)[^/\]*( |$)]
  ignore line: [Change Dir: /home/alvaropr/workarea/gnuradio/gr-demonstrator/CMakeFiles/CMakeTmp]
  ignore line: []
  ignore line: [Run Build Command(s):/usr/bin/make cmTC_62382/fast && /usr/bin/make -f CMakeFiles/cmTC_62382.dir/build.make CMakeFiles/cmTC_62382.dir/build]
  ignore line: [make[1]: Entering directory '/home/alvaropr/workarea/gnuradio/gr-demonstrator/CMakeFiles/CMakeTmp']
  ignore line: [Building CXX object CMakeFiles/cmTC_62382.dir/CMakeCXXCompilerABI.cpp.o]
  ignore line: [/usr/bin/c++    -v -o CMakeFiles/cmTC_62382.dir/CMakeCXXCompilerABI.cpp.o -c /usr/share/cmake-3.16/Modules/CMakeCXXCompilerABI.cpp]
  ignore line: [Using built-in specs.]
  ignore line: [COLLECT_GCC=/usr/bin/c++]
  ignore line: [OFFLOAD_TARGET_NAMES=nvptx-none:hsa]
  ignore line: [OFFLOAD_TARGET_DEFAULT=1]
  ignore line: [Target: x86_64-linux-gnu]
  ignore line: [Configured with: ../src/configure -v --with-pkgversion='Ubuntu 9.4.0-1ubuntu1~20.04.2' --with-bugurl=file:///usr/share/doc/gcc-9/README.Bugs --enable-languages=c ada c++ go brig d fortran objc obj-c++ gm2 --prefix=/usr --with-gcc-major-version-only --program-suffix=-9 --program-prefix=x86_64-linux-gnu- --enable-shared --enable-linker-build-id --libexecdir=/usr/lib --without-included-gettext --enable-threads=posix --libdir=/usr/lib --enable-nls --enable-clocale=gnu --enable-libstdcxx-debug --enable-libstdcxx-time=yes --with-default-libstdcxx-abi=new --enable-gnu-unique-object --disable-vtable-verify --enable-plugin --enable-default-pie --with-system-zlib --with-target-system-zlib=auto --enable-objc-gc=auto --enable-multiarch --disable-werror --with-arch-32=i686 --with-abi=m64 --with-multilib-list=m32 m64 mx32 --enable-multilib --with-tune=generic --enable-offload-targets=nvptx-none=/build/gcc-9-9QDOt0/gcc-9-9.4.0/debian/tmp-nvptx/usr hsa --without-cuda-driver --enable-checking=release --build=x86_64-linux-gnu --host=x86_64-linux-gnu --target=x86_64-linux-gnu]
  ignore line: [Thread model: posix]
  ignore line: [gcc version 9.4.0 (Ubuntu 9.4.0-1ubuntu1~20.04.2) ]
  ignore line: [COLLECT_GCC_OPTIONS='-v' '-o' 'CMakeFiles/cmTC_62382.dir/CMakeCXXCompilerABI.cpp.o' '-c' '-shared-libgcc' '-mtune=generic' '-march=x86-64']
  ignore line: [ /usr/lib/gcc/x86_64-linux-gnu/9/cc1plus -quiet -v -imultiarch x86_64-linux-gnu -D_GNU_SOURCE /usr/share/cmake-3.16/Modules/CMakeCXXCompilerABI.cpp -quiet -dumpbase CMakeCXXCompilerABI.cpp -mtune=generic -march=x86-64 -auxbase-strip CMakeFiles/cmTC_62382.dir/CMakeCXXCompilerABI.cpp.o -version -fasynchronous-unwind-tables -fstack-protector-strong -Wformat -Wformat-security -fstack-clash-protection -fcf-protection -o /tmp/cc20XtXq.s]
  ignore line: [GNU C++14 (Ubuntu 9.4.0-1ubuntu1~20.04.2) version 9.4.0 (x86_64-linux-gnu)]
  ignore line: [	compiled by GNU C version 9.4.0  GMP version 6.2.0  MPFR version 4.0.2  MPC version 1.1.0  isl version isl-0.22.1-GMP]
  ignore line: []
  ignore line: [GGC heuristics: --param ggc-min-expand=100 --param ggc-min-heapsize=131072]
  ignore line: [ignoring duplicate directory "/usr/include/x86_64-linux-gnu/c++/9"]
  ignore line: [ignoring nonexistent directory "/usr/local/include/x86_64-linux-gnu"]
  ignore line: [ignoring nonexistent directory "/usr/lib/gcc/x86_64-linux-gnu/9/include-fixed"]
  ignore line: [ignoring nonexistent directory "/usr/lib/gcc/x86_64-linux-gnu/9/../../../../x86_64-linux-gnu/include"]
  ignore line: [#include "..." search starts here:]
  ignore line: [#include <...> search starts here:]
  ignore line: [ /usr/include/c++/9]
  ignore line: [ /usr/include/x86_64-linux-gnu/c++/9]
  ignore line: [ /usr/include/c++/9/backward]
  ignore line: [ /usr/lib/gcc/x86_64-linux-gnu/9/include]
  ignore line: [ /usr/local/include]
  ignore line: [ /usr/include/x86_64-linux-gnu]
  ignore line: [ /usr/include]
  ignore line: [End of search list.]
  ignore line: [GNU C++14 (Ubuntu 9.4.0-1ubuntu1~20.04.2) version 9.4.0 (x86_64-linux-gnu)]
  ignore line: [	compiled by GNU C version 9.4.0  GMP version 6.2.0  MPFR version 4.0.2  MPC version 1.1.0  isl version isl-0.22.1-GMP]
  ignore line: []
  ignore line: [GGC heuristics: --param ggc-min-expand=100 --param ggc-min-heapsize=131072]
  ignore line: [Compiler executable checksum: 3d1eba838554fa2348dba760e4770469]
  ignore line: [COLLECT_GCC_OPTIONS='-v' '-o' 'CMakeFiles/cmTC_62382.dir/CMakeCXXCompilerABI.cpp.o' '-c' '-shared-libgcc' '-mtune=generic' '-march=x86-64']
  ignore line: [ as -v --64 -o CMakeFiles/cmTC_62382.dir/CMakeCXXCompilerABI.cpp.o /tmp/cc20XtXq.s]
  ignore line: [GNU assembler version 2.34 (x86_64-linux-gnu) using BFD version (GNU Binutils for Ubuntu) 2.34]
  ignore line: [COMPILER_PATH=/usr/lib/gcc/x86_64-linux-gnu/9/:/usr/lib/gcc/x86_64-linux-gnu/9/:/usr/lib/gcc/x86_64-linux-gnu/:/usr/lib/gcc/x86_64-linux-gnu/9/:/usr/lib/gcc/x86_64-linux-gnu/]
  ignore line: [LIBRARY_PATH=/usr/lib/gcc/x86_64-linux-gnu/9/:/usr/lib/gcc/x86_64-linux-gnu/9/../../../x86_64-linux-gnu/:/usr/lib/gcc/x86_64-linux-gnu/9/../../../../lib/:/lib/x86_64-linux-gnu/:/lib/../lib/:/usr/lib/x86_64-linux-gnu/:/usr/lib/../lib/:/usr/lib/gcc/x86_64-linux-gnu/9/../../../:/lib/:/usr/lib/]
  ignore line: [COLLECT_GCC_OPTIONS='-v' '-o' 'CMakeFiles/cmTC_62382.dir/CMakeCXXCompilerABI.cpp.o' '-c' '-shared-libgcc' '-mtune=generic' '-march=x86-64']
  ignore line: [Linking CXX executable cmTC_62382]
  ignore line: [/usr/bin/cmake -E cmake_link_script CMakeFiles/cmTC_62382.dir/link.txt --verbose=1]
  ignore line: [/usr/bin/c++      -v CMakeFiles/cmTC_62382.dir/CMakeCXXCompilerABI.cpp.o  -o cmTC_62382 ]
  ignore line: [Using built-in specs.]
  ignore line: [COLLECT_GCC=/usr/bin/c++]
  ignore line: [COLLECT_LTO_WRAPPER=/usr/lib/gcc/x86_64-linux-gnu/9/lto-wrapper]
  ignore line: [OFFLOAD_TARGET_NAMES=nvptx-none:hsa]
  ignore line: [OFFLOAD_TARGET_DEFAULT=1]
  ignore line: [Target: x86_64-linux-gnu]
  ignore line: [Configured with: ../src/configure -v --with-pkgversion='Ubuntu 9.4.0-1ubuntu1~20.04.2' --with-bugurl=file:///usr/share/doc/gcc-9/README.Bugs --enable-languages=c ada c++ go brig d fortran objc obj-c++ gm2 --prefix=/usr --with-gcc-major-version-only --program-suffix=-9 --program-prefix=x86_64-linux-gnu- --enable-shared --enable-linker-build-id --libexecdir=/usr/lib --without-included-gettext --enable-threads=posix --libdir=/usr/lib --enable-nls --enable-clocale=gnu --enable-libstdcxx-debug --enable-libstdcxx-time=yes --with-default-libstdcxx-abi=new --enable-gnu-unique-object --disable-vtable-verify --enable-plugin --enable-default-pie --with-system-zlib --with-target-system-zlib=auto --enable-objc-gc=auto --enable-multiarch --disable-werror --with-arch-32=i686 --with-abi=m64 --with-multilib-list=m32 m64 mx32 --enable-multilib --with-tune=generic --enable-offload-targets=nvptx-none=/build/gcc-9-9QDOt0/gcc-9-9.4.0/debian/tmp-nvptx/usr hsa --without-cuda-driver --enable-checking=release --build=x86_64-linux-gnu --host=x86_64-linux-gnu --target=x86_64-linux-gnu]
  ignore line: [Thread model: posix]
  ignore line: [gcc version 9.4.0 (Ubuntu 9.4.0-1ubuntu1~20.04.2) ]
  ignore line: [COMPILER_PATH=/usr/lib/gcc/x86_64-linux-gnu/9/:/usr/lib/gcc/x86_64-linux-gnu/9/:/usr/lib/gcc/x86_64-linux-gnu/:/usr/lib/gcc/x86_64-linux-gnu/9/:/usr/lib/gcc/x86_64-linux-gnu/]
  ignore line: [LIBRARY_PATH=/usr/lib/gcc/x86_64-linux-gnu/9/:/usr/lib/gcc/x86_64-linux-gnu/9/../../../x86_64-linux-gnu/:/usr/lib/gcc/x86_64-linux-gnu/9/../../../../lib/:/lib/x86_64-linux-gnu/:/lib/../lib/:/usr/lib/x86_64-linux-gnu/:/usr/lib/../lib/:/usr/lib/gcc/x86_64-linux-gnu/9/../../../:/lib/:/usr/lib/]
  ignore line: [COLLECT_GCC_OPTIONS='-v' '-o' 'cmTC_62382' '-shared-libgcc' '-mtune=generic' '-march=x86-64']
  link line: [ /usr/lib/gcc/x86_64-linux-gnu/9/collect2 -plugin /usr/lib/gcc/x86_64-linux-gnu/9/liblto_plugin.so -plugin-opt=/usr/lib/gcc/x86_64-linux-gnu/9/lto-wrapper -plugin-opt=-fresolution=/tmp/cc1VXfXT.res -plugin-opt=-pass-through=-lgcc_s -plugin-opt=-pass-through=-lgcc -plugin-opt=-pass-through=-lc -plugin-opt=-pass-through=-lgcc_s -plugin-opt=-pass-through=-lgcc --build-id --eh-frame-hdr -m elf_x86_64 --hash-style=gnu --as-needed -dynamic-linker /lib64/ld-linux-x86-64.so.2 -pie -z now -z relro -o cmTC_62382 /usr/lib/gcc/x86_64-linux-gnu/9/../../../x86_64-linux-gnu/Scrt1.o /usr/lib/gcc/x86_64-linux-gnu/9/../../../x86_64-linux-gnu/crti.o /usr/lib/gcc/x86_64-linux-gnu/9/crtbeginS.o -L/usr/lib/gcc/x86_64-linux-gnu/9 -L/usr/lib/gcc/x86_64-linux-gnu/9/../../../x86_64-linux-gnu -L/usr/lib/gcc/x86_64-linux-gnu/9/../../../../lib -L/lib/x86_64-linux-gnu -L/lib/../lib -L/usr/lib/x86_64-linux-gnu -L/usr/lib/../lib -L/usr/lib/gcc/x86_64-linux-gnu/9/../../.. CMakeFiles/cmTC_62382.dir/CMakeCXXCompilerABI.cpp.o -lstdc++ -lm -lgcc_s -lgcc -lc -lgcc_s -lgcc /usr/lib/gcc/x86_64-linux-gnu/9/crtendS.o /usr/lib/gcc/x86_64-linux-gnu/9/../../../x86_64-linux-gnu/crtn.o]
    arg [/usr/lib/gcc/x86_64-linux-gnu/9/collect2] ==> ignore
    arg [-plugin] ==> ignore
    arg [/usr/lib/gcc/x86_64-linux-gnu/9/liblto_plugin.so] ==> ignore
    arg [-plugin-opt=/usr/lib/gcc/x86_64-linux-gnu/9/lto-wrapper] ==> ignore
    arg [-plugin-opt=-fresolution=/tmp/cc1VXfXT.res] ==> ignore
    arg [-plugin-opt=-pass-through=-lgcc_s] ==> ignore
    arg [-plugin-opt=-pass-through=-lgcc] ==> ignore
    arg [-plugin-opt=-pass-through=-lc] ==> ignore
    arg [-plugin-opt=-pass-through=-lgcc_s] ==> ignore
    arg [-plugin-opt=-pass-through=-lgcc] ==> ignore
    arg [--build-id] ==> ignore
    arg [--eh-frame-hdr] ==> ignore
    arg [-m] ==> ignore
    arg [elf_x86_64] ==> ignore
    arg [--hash-style=gnu] ==> ignore
    arg [--as-needed] ==> ignore
    arg [-dynamic-linker] ==> ignore
    arg [/lib64/ld-linux-x86-64.so.2] ==> ignore
    arg [-pie] ==> ignore
    arg [-znow] ==> ignore
    arg [-zrelro] ==> ignore
    arg [-o] ==> ignore
    arg [cmTC_62382] ==> ignore
    arg [/usr/lib/gcc/x86_64-linux-gnu/9/../../../x86_64-linux-gnu/Scrt1.o] ==> ignore
    arg [/usr/lib/gcc/x86_64-linux-gnu/9/../../../x86_64-linux-gnu/crti.o] ==> ignore
    arg [/usr/lib/gcc/x86_64-linux-gnu/9/crtbeginS.o] ==> ignore
    arg [-L/usr/lib/gcc/x86_64-linux-gnu/9] ==> dir [/usr/lib/gcc/x86_64-linux-gnu/9]
    arg [-L/usr/lib/gcc/x86_64-linux-gnu/9/../../../x86_64-linux-gnu] ==> dir [/usr/lib/gcc/x86_64-linux-gnu/9/../../../x86_64-linux-gnu]
    arg [-L/usr/lib/gcc/x86_64-linux-gnu/9/../../../../lib] ==> dir [/usr/lib/gcc/x86_64-linux-gnu/9/../../../../lib]
    arg [-L/lib/x86_64-linux-gnu] ==> dir [/lib/x86_64-linux-gnu]
    arg [-L/lib/../lib] ==> dir [/lib/../lib]
    arg [-L/usr/lib/x86_64-linux-gnu] ==> dir [/usr/lib/x86_64-linux-gnu]
    arg [-L/usr/lib/../lib] ==> dir [/usr/lib/../lib]
    arg [-L/usr/lib/gcc/x86_64-linux-gnu/9/../../..] ==> dir [/usr/lib/gcc/x86_64-linux-gnu/9/../../..]
    arg [CMakeFiles/cmTC_62382.dir/CMakeCXXCompilerABI.cpp.o] ==> ignore
    arg [-lstdc++] ==> lib [stdc++]
    arg [-lm] ==> lib [m]
    arg [-lgcc_s] ==> lib [gcc_s]
    arg [-lgcc] ==> lib [gcc]
    arg [-lc] ==> lib [c]
    arg [-lgcc_s] ==> lib [gcc_s]
    arg [-lgcc] ==> lib [gcc]
    arg [/usr/lib/gcc/x86_64-linux-gnu/9/crtendS.o] ==> ignore
    arg [/usr/lib/gcc/x86_64-linux-gnu/9/../../../x86_64-linux-gnu/crtn.o] ==> ignore
  collapse library dir [/usr/lib/gcc/x86_64-linux-gnu/9] ==> [/usr/lib/gcc/x86_64-linux-gnu/9]
  collapse library dir [/usr/lib/gcc/x86_64-linux-gnu/9/../../../x86_64-linux-gnu] ==> [/usr/lib/x86_64-linux-gnu]
  collapse library dir [/usr/lib/gcc/x86_64-linux-gnu/9/../../../../lib] ==> [/usr/lib]
  collapse library dir [/lib/x86_64-linux-gnu] ==> [/lib/x86_64-linux-gnu]
  collapse library dir [/lib/../lib] ==> [/lib]
  collapse library dir [/usr/lib/x86_64-linux-gnu] ==> [/usr/lib/x86_64-linux-gnu]
  collapse library dir [/usr/lib/../lib] ==> [/usr/lib]
  collapse library dir [/usr/lib/gcc/x86_64-linux-gnu/9/../../..] ==> [/usr/lib]
  implicit libs: [stdc++;m;gcc_s;gcc;c;gcc_s;gcc]
  implicit dirs: [/usr/lib/gcc/x86_64-linux-gnu/9;/usr/lib/x86_64-linux-gnu;/usr/lib;/lib/x86_64-linux-gnu;/lib]
  implicit fwks: []


Determining if the C compiler works passed with the following output:
Change Dir: /home/alvaropr/workarea/gnuradio/gr-demonstrator/CMakeFiles/CMakeTmp

Run Build Command(s):/usr/bin/make cmTC_748d8/fast && /usr/bin/make -f CMakeFiles/cmTC_748d8.dir/build.make CMakeFiles/cmTC_748d8.dir/build
make[1]: Entering directory '/home/alvaropr/workarea/gnuradio/gr-demonstrator/CMakeFiles/CMakeTmp'
Building C object CMakeFiles/cmTC_748d8.dir/testCCompiler.c.o
/usr/bin/cc    -o CMakeFiles/cmTC_748d8.dir/testCCompiler.c.o   -c /home/alvaropr/workarea/gnuradio/gr-demonstrator/CMakeFiles/CMakeTmp/testCCompiler.c
Linking C executable cmTC_748d8
/usr/bin/cmake -E cmake_link_script CMakeFiles/cmTC_748d8.dir/link.txt --verbose=1
/usr/bin/cc      CMakeFiles/cmTC_748d8.dir/testCCompiler.c.o  -o cmTC_748d8 
make[1]: Leaving directory '/home/alvaropr/workarea/gnuradio/gr-demonstrator/CMakeFiles/CMakeTmp'



Detecting C compiler ABI info compiled with the following output:
Change Dir: /home/alvaropr/workarea/gnuradio/gr-demonstrator/CMakeFiles/CMakeTmp

Run Build Command(s):/usr/bin/make cmTC_c85af/fast && /usr/bin/make -f CMakeFiles/cmTC_c85af.dir/build.make CMakeFiles/cmTC_c85af.dir/build
make[1]: Entering directory '/home/alvaropr/workarea/gnuradio/gr-demonstrator/CMakeFiles/CMakeTmp'
Building C object CMakeFiles/cmTC_c85af.dir/CMakeCCompilerABI.c.o
/usr/bin/cc   -v -o CMakeFiles/cmTC_c85af.dir/CMakeCCompilerABI.c.o   -c /usr/share/cmake-3.16/Modules/CMakeCCompilerABI.c
Using built-in specs.
COLLECT_GCC=/usr/bin/cc
OFFLOAD_TARGET_NAMES=nvptx-none:hsa
OFFLOAD_TARGET_DEFAULT=1
Target: x86_64-linux-gnu
Configured with: ../src/configure -v --with-pkgversion='Ubuntu 9.4.0-1ubuntu1~20.04.2' --with-bugurl=file:///usr/share/doc/gcc-9/README.Bugs --enable-languages=c,ada,c++,go,brig,d,fortran,objc,obj-c++,gm2 --prefix=/usr --with-gcc-major-version-only --program-suffix=-9 --program-prefix=x86_64-linux-gnu- --enable-shared --enable-linker-build-id --libexecdir=/usr/lib --without-included-gettext --enable-threads=posix --libdir=/usr/lib --enable-nls --enable-clocale=gnu --enable-libstdcxx-debug --enable-libstdcxx-time=yes --with-default-libstdcxx-abi=new --enable-gnu-unique-object --disable-vtable-verify --enable-plugin --enable-default-pie --with-system-zlib --with-target-system-zlib=auto --enable-objc-gc=auto --enable-multiarch --disable-werror --with-arch-32=i686 --with-abi=m64 --with-multilib-list=m32,m64,mx32 --enable-multilib --with-tune=generic --enable-offload-targets=nvptx-none=/build/gcc-9-9QDOt0/gcc-9-9.4.0/debian/tmp-nvptx/usr,hsa --without-cuda-driver --enable-checking=release --build=x86_64-linux-gnu --host=x86_64-linux-gnu --target=x86_64-linux-gnu
Thread model: posix
gcc version 9.4.0 (Ubuntu 9.4.0-1ubuntu1~20.04.2) 
COLLECT_GCC_OPTIONS='-v' '-o' 'CMakeFiles/cmTC_c85af.dir/CMakeCCompilerABI.c.o' '-c' '-mtune=generic' '-march=x86-64'
 /usr/lib/gcc/x86_64-linux-gnu/9/cc1 -quiet -v -imultiarch x86_64-linux-gnu /usr/share/cmake-3.16/Modules/CMakeCCompilerABI.c -quiet -dumpbase CMakeCCompilerABI.c -mtune=generic -march=x86-64 -auxbase-strip CMakeFiles/cmTC_c85af.dir/CMakeCCompilerABI.c.o -version -fasynchronous-unwind-tables -fstack-protector-strong -Wformat -Wformat-security -fstack-clash-protection -fcf-protection -o /tmp/ccZkzfpo.s
GNU C17 (Ubuntu 9.4.0-1ubuntu1~20.04.2) version 9.4.0 (x86_64-linux-gnu)
	compiled by GNU C version 9.4.0, GMP version 6.2.0, MPFR version 4.0.2, MPC version 1.1.0, isl version isl-0.22.1-GMP

GGC heuristics: --param ggc-min-expand=100 --param ggc-min-heapsize=131072
ignoring nonexistent directory "/usr/local/include/x86_64-linux-gnu"
ignoring nonexistent directory "/usr/lib/gcc/x86_64-linux-gnu/9/include-fixed"
ignoring nonexistent directory "/usr/lib/gcc/x86_64-linux-gnu/9/../../../../x86_64-linux-gnu/include"
#include "..." search starts here:
#include <...> search starts here:
 /usr/lib/gcc/x86_64-linux-gnu/9/include
 /usr/local/include
 /usr/include/x86_64-linux-gnu
 /usr/include
End of search list.
GNU C17 (Ubuntu 9.4.0-1ubuntu1~20.04.2) version 9.4.0 (x86_64-linux-gnu)
	compiled by GNU C version 9.4.0, GMP version 6.2.0, MPFR version 4.0.2, MPC version 1.1.0, isl version isl-0.22.1-GMP

GGC heuristics: --param ggc-min-expand=100 --param ggc-min-heapsize=131072
Compiler executable checksum: 01da938ff5dc2163489aa33cb3b747a7
COLLECT_GCC_OPTIONS='-v' '-o' 'CMakeFiles/cmTC_c85af.dir/CMakeCCompilerABI.c.o' '-c' '-mtune=generic' '-march=x86-64'
 as -v --64 -o CMakeFiles/cmTC_c85af.dir/CMakeCCompilerABI.c.o /tmp/ccZkzfpo.s
GNU assembler version 2.34 (x86_64-linux-gnu) using BFD version (GNU Binutils for Ubuntu) 2.34
COMPILER_PATH=/usr/lib/gcc/x86_64-linux-gnu/9/:/usr/lib/gcc/x86_64-linux-gnu/9/:/usr/lib/gcc/x86_64-linux-gnu/:/usr/lib/gcc/x86_64-linux-gnu/9/:/usr/lib/gcc/x86_64-linux-gnu/
LIBRARY_PATH=/usr/lib/gcc/x86_64-linux-gnu/9/:/usr/lib/gcc/x86_64-linux-gnu/9/../../../x86_64-linux-gnu/:/usr/lib/gcc/x86_64-linux-gnu/9/../../../../lib/:/lib/x86_64-linux-gnu/:/lib/../lib/:/usr/lib/x86_64-linux-gnu/:/usr/lib/../lib/:/usr/lib/gcc/x86_64-linux-gnu/9/../../../:/lib/:/usr/lib/
COLLECT_GCC_OPTIONS='-v' '-o' 'CMakeFiles/cmTC_c85af.dir/CMakeCCompilerABI.c.o' '-c' '-mtune=generic' '-march=x86-64'
Linking C executable cmTC_c85af
/usr/bin/cmake -E cmake_link_script CMakeFiles/cmTC_c85af.dir/link.txt --verbose=1
/usr/bin/cc     -v CMakeFiles/cmTC_c85af.dir/CMakeCCompilerABI.c.o  -o cmTC_c85af 
Using built-in specs.
COLLECT_GCC=/usr/bin/cc
COLLECT_LTO_WRAPPER=/usr/lib/gcc/x86_64-linux-gnu/9/lto-wrapper
OFFLOAD_TARGET_NAMES=nvptx-none:hsa
OFFLOAD_TARGET_DEFAULT=1
Target: x86_64-linux-gnu
Configured with: ../src/configure -v --with-pkgversion='Ubuntu 9.4.0-1ubuntu1~20.04.2' --with-bugurl=file:///usr/share/doc/gcc-9/README.Bugs --enable-languages=c,ada,c++,go,brig,d,fortran,objc,obj-c++,gm2 --prefix=/usr --with-gcc-major-version-only --program-suffix=-9 --program-prefix=x86_64-linux-gnu- --enable-shared --enable-linker-build-id --libexecdir=/usr/lib --without-included-gettext --enable-threads=posix --libdir=/usr/lib --enable-nls --enable-clocale=gnu --enable-libstdcxx-debug --enable-libstdcxx-time=yes --with-default-libstdcxx-abi=new --enable-gnu-unique-object --disable-vtable-verify --enable-plugin --enable-default-pie --with-system-zlib --with-target-system-zlib=auto --enable-objc-gc=auto --enable-multiarch --disable-werror --with-arch-32=i686 --with-abi=m64 --with-multilib-list=m32,m64,mx32 --enable-multilib --with-tune=generic --enable-offload-targets=nvptx-none=/build/gcc-9-9QDOt0/gcc-9-9.4.0/debian/tmp-nvptx/usr,hsa --without-cuda-driver --enable-checking=release --build=x86_64-linux-gnu --host=x86_64-linux-gnu --target=x86_64-linux-gnu
Thread model: posix
gcc version 9.4.0 (Ubuntu 9.4.0-1ubuntu1~20.04.2) 
COMPILER_PATH=/usr/lib/gcc/x86_64-linux-gnu/9/:/usr/lib/gcc/x86_64-linux-gnu/9/:/usr/lib/gcc/x86_64-linux-gnu/:/usr/lib/gcc/x86_64-linux-gnu/9/:/usr/lib/gcc/x86_64-linux-gnu/
LIBRARY_PATH=/usr/lib/gcc/x86_64-linux-gnu/9/:/usr/lib/gcc/x86_64-linux-gnu/9/../../../x86_64-linux-gnu/:/usr/lib/gcc/x86_64-linux-gnu/9/../../../../lib/:/lib/x86_64-linux-gnu/:/lib/../lib/:/usr/lib/x86_64-linux-gnu/:/usr/lib/../lib/:/usr/lib/gcc/x86_64-linux-gnu/9/../../../:/lib/:/usr/lib/
COLLECT_GCC_OPTIONS='-v' '-o' 'cmTC_c85af' '-mtune=generic' '-march=x86-64'
 /usr/lib/gcc/x86_64-linux-gnu/9/collect2 -plugin /usr/lib/gcc/x86_64-linux-gnu/9/liblto_plugin.so -plugin-opt=/usr/lib/gcc/x86_64-linux-gnu/9/lto-wrapper -plugin-opt=-fresolution=/tmp/ccRH4K1N.res -plugin-opt=-pass-through=-lgcc -plugin-opt=-pass-through=-lgcc_s -plugin-opt=-pass-through=-lc -plugin-opt=-pass-through=-lgcc -plugin-opt=-pass-through=-lgcc_s --build-id --eh-frame-hdr -m elf_x86_64 --hash-style=gnu --as-needed -dynamic-linker /lib64/ld-linux-x86-64.so.2 -pie -z now -z relro -o cmTC_c85af /usr/lib/gcc/x86_64-linux-gnu/9/../../../x86_64-linux-gnu/Scrt1.o /usr/lib/gcc/x86_64-linux-gnu/9/../../../x86_64-linux-gnu/crti.o /usr/lib/gcc/x86_64-linux-gnu/9/crtbeginS.o -L/usr/lib/gcc/x86_64-linux-gnu/9 -L/usr/lib/gcc/x86_64-linux-gnu/9/../../../x86_64-linux-gnu -L/usr/lib/gcc/x86_64-linux-gnu/9/../../../../lib -L/lib/x86_64-linux-gnu -L/lib/../lib -L/usr/lib/x86_64-linux-gnu -L/usr/lib/../lib -L/usr/lib/gcc/x86_64-linux-gnu/9/../../.. CMakeFiles/cmTC_c85af.dir/CMakeCCompilerABI.c.o -lgcc --push-state --as-needed -lgcc_s --pop-state -lc -lgcc --push-state --as-needed -lgcc_s --pop-state /usr/lib/gcc/x86_64-linux-gnu/9/crtendS.o /usr/lib/gcc/x86_64-linux-gnu/9/../../../x86_64-linux-gnu/crtn.o
COLLECT_GCC_OPTIONS='-v' '-o' 'cmTC_c85af' '-mtune=generic' '-march=x86-64'
make[1]: Leaving directory '/home/alvaropr/workarea/gnuradio/gr-demonstrator/CMakeFiles/CMakeTmp'



Parsed C implicit include dir info from above output: rv=done
  found start of include info
  found start of implicit include info
    add: [/usr/lib/gcc/x86_64-linux-gnu/9/include]
    add: [/usr/local/include]
    add: [/usr/include/x86_64-linux-gnu]
    add: [/usr/include]
  end of search list found
  collapse include dir [/usr/lib/gcc/x86_64-linux-gnu/9/include] ==> [/usr/lib/gcc/x86_64-linux-gnu/9/include]
  collapse include dir [/usr/local/include] ==> [/usr/local/include]
  collapse include dir [/usr/include/x86_64-linux-gnu] ==> [/usr/include/x86_64-linux-gnu]
  collapse include dir [/usr/include] ==> [/usr/include]
  implicit include dirs: [/usr/lib/gcc/x86_64-linux-gnu/9/include;/usr/local/include;/usr/include/x86_64-linux-gnu;/usr/include]


Parsed C implicit link information from above output:
  link line regex: [^( *|.*[/\])(ld|CMAKE_LINK_STARTFILE-NOTFOUND|([^/\]+-)?ld|collect2)[^/\]*( |$)]
  ignore line: [Change Dir: /home/alvaropr/workarea/gnuradio/gr-demonstrator/CMakeFiles/CMakeTmp]
  ignore line: []
  ignore line: [Run Build Command(s):/usr/bin/make cmTC_c85af/fast && /usr/bin/make -f CMakeFiles/cmTC_c85af.dir/build.make CMakeFiles/cmTC_c85af.dir/build]
  ignore line: [make[1]: Entering directory '/home/alvaropr/workarea/gnuradio/gr-demonstrator/CMakeFiles/CMakeTmp']
  ignore line: [Building C object CMakeFiles/cmTC_c85af.dir/CMakeCCompilerABI.c.o]
  ignore line: [/usr/bin/cc   -v -o CMakeFiles/cmTC_c85af.dir/CMakeCCompilerABI.c.o   -c /usr/share/cmake-3.16/Modules/CMakeCCompilerABI.c]
  ignore line: [Using built-in specs.]
  ignore line: [COLLECT_GCC=/usr/bin/cc]
  ignore line: [OFFLOAD_TARGET_NAMES=nvptx-none:hsa]
  ignore line: [OFFLOAD_TARGET_DEFAULT=1]
  ignore line: [Target: x86_64-linux-gnu]
  ignore line: [Configured with: ../src/configure -v --with-pkgversion='Ubuntu 9.4.0-1ubuntu1~20.04.2' --with-bugurl=file:///usr/share/doc/gcc-9/README.Bugs --enable-languages=c ada c++ go brig d fortran objc obj-c++ gm2 --prefix=/usr --with-gcc-major-version-only --program-suffix=-9 --program-prefix=x86_64-linux-gnu- --enable-shared --enable-linker-build-id --libexecdir=/usr/lib --without-included-gettext --enable-threads=posix --libdir=/usr/lib --enable-nls --enable-clocale=gnu --enable-libstdcxx-debug --enable-libstdcxx-time=yes --with-default-libstdcxx-abi=new --enable-gnu-unique-object --disable-vtable-verify --enable-plugin --enable-default-pie --with-system-zlib --with-target-system-zlib=auto --enable-objc-gc=auto --enable-multiarch --disable-werror --with-arch-32=i686 --with-abi=m64 --with-multilib-list=m32 m64 mx32 --enable-multilib --with-tune=generic --enable-offload-targets=nvptx-none=/build/gcc-9-9QDOt0/gcc-9-9.4.0/debian/tmp-nvptx/usr hsa --without-cuda-driver --enable-checking=release --build=x86_64-linux-gnu --host=x86_64-linux-gnu --target=x86_64-linux-gnu]
  ignore line: [Thread model: posix]
  ignore line: [gcc version 9.4.0 (Ubuntu 9.4.0-1ubuntu1~20.04.2) ]
  ignore line: [COLLECT_GCC_OPTIONS='-v' '-o' 'CMakeFiles/cmTC_c85af.dir/CMakeCCompilerABI.c.o' '-c' '-mtune=generic' '-march=x86-64']
  ignore line: [ /usr/lib/gcc/x86_64-linux-gnu/9/cc1 -quiet -v -imultiarch x86_64-linux-gnu /usr/share/cmake-3.16/Modules/CMakeCCompilerABI.c -quiet -dumpbase CMakeCCompilerABI.c -mtune=generic -march=x86-64 -auxbase-strip CMakeFiles/cmTC_c85af.dir/CMakeCCompilerABI.c.o -version -fasynchronous-unwind-tables -fstack-protector-strong -Wformat -Wformat-security -fstack-clash-protection -fcf-protection -o /tmp/ccZkzfpo.s]
  ignore line: [GNU C17 (Ubuntu 9.4.0-1ubuntu1~20.04.2) version 9.4.0 (x86_64-linux-gnu)]
  ignore line: [	compiled by GNU C version 9.4.0  GMP version 6.2.0  MPFR version 4.0.2  MPC version 1.1.0  isl version isl-0.22.1-GMP]
  ignore line: []
  ignore line: [GGC heuristics: --param ggc-min-expand=100 --param ggc-min-heapsize=131072]
  ignore line: [ignoring nonexistent directory "/usr/local/include/x86_64-linux-gnu"]
  ignore line: [ignoring nonexistent directory "/usr/lib/gcc/x86_64-linux-gnu/9/include-fixed"]
  ignore line: [ignoring nonexistent directory "/usr/lib/gcc/x86_64-linux-gnu/9/../../../../x86_64-linux-gnu/include"]
  ignore line: [#include "..." search starts here:]
  ignore line: [#include <...> search starts here:]
  ignore line: [ /usr/lib/gcc/x86_64-linux-gnu/9/include]
  ignore line: [ /usr/local/include]
  ignore line: [ /usr/include/x86_64-linux-gnu]
  ignore line: [ /usr/include]
  ignore line: [End of search list.]
  ignore line: [GNU C17 (Ubuntu 9.4.0-1ubuntu1~20.04.2) version 9.4.0 (x86_64-linux-gnu)]
  ignore line: [	compiled by GNU C version 9.4.0  GMP version 6.2.0  MPFR version 4.0.2  MPC version 1.1.0  isl version isl-0.22.1-GMP]
  ignore line: []
  ignore line: [GGC heuristics: --param ggc-min-expand=100 --param ggc-min-heapsize=131072]
  ignore line: [Compiler executable checksum: 01da938ff5dc2163489aa33cb3b747a7]
  ignore line: [COLLECT_GCC_OPTIONS='-v' '-o' 'CMakeFiles/cmTC_c85af.dir/CMakeCCompilerABI.c.o' '-c' '-mtune=generic' '-march=x86-64']
  ignore line: [ as -v --64 -o CMakeFiles/cmTC_c85af.dir/CMakeCCompilerABI.c.o /tmp/ccZkzfpo.s]
  ignore line: [GNU assembler version 2.34 (x86_64-linux-gnu) using BFD version (GNU Binutils for Ubuntu) 2.34]
  ignore line: [COMPILER_PATH=/usr/lib/gcc/x86_64-linux-gnu/9/:/usr/lib/gcc/x86_64-linux-gnu/9/:/usr/lib/gcc/x86_64-linux-gnu/:/usr/lib/gcc/x86_64-linux-gnu/9/:/usr/lib/gcc/x86_64-linux-gnu/]
  ignore line: [LIBRARY_PATH=/usr/lib/gcc/x86_64-linux-gnu/9/:/usr/lib/gcc/x86_64-linux-gnu/9/../../../x86_64-linux-gnu/:/usr/lib/gcc/x86_64-linux-gnu/9/../../../../lib/:/lib/x86_64-linux-gnu/:/lib/../lib/:/usr/lib/x86_64-linux-gnu/:/usr/lib/../lib/:/usr/lib/gcc/x86_64-linux-gnu/9/../../../:/lib/:/usr/lib/]
  ignore line: [COLLECT_GCC_OPTIONS='-v' '-o' 'CMakeFiles/cmTC_c85af.dir/CMakeCCompilerABI.c.o' '-c' '-mtune=generic' '-march=x86-64']
  ignore line: [Linking C executable cmTC_c85af]
  ignore line: [/usr/bin/cmake -E cmake_link_script CMakeFiles/cmTC_c85af.dir/link.txt --verbose=1]
  ignore line: [/usr/bin/cc     -v CMakeFiles/cmTC_c85af.dir/CMakeCCompilerABI.c.o  -o cmTC_c85af ]
  ignore line: [Using built-in specs.]
  ignore line: [COLLECT_GCC=/usr/bin/cc]
  ignore line: [COLLECT_LTO_WRAPPER=/usr/lib/gcc/x86_64-linux-gnu/9/lto-wrapper]
  ignore line: [OFFLOAD_TARGET_NAMES=nvptx-none:hsa]
  ignore line: [OFFLOAD_TARGET_DEFAULT=1]
  ignore line: [Target: x86_64-linux-gnu]
  ignore line: [Configured with: ../src/configure -v --with-pkgversion='Ubuntu 9.4.0-1ubuntu1~20.04.2' --with-bugurl=file:///usr/share/doc/gcc-9/README.Bugs --enable-languages=c ada c++ go brig d fortran objc obj-c++ gm2 --prefix=/usr --with-gcc-major-version-only --program-suffix=-9 --program-prefix=x86_64-linux-gnu- --enable-shared --enable-linker-build-id --libexecdir=/usr/lib --without-included-gettext --enable-threads=posix --libdir=/usr/lib --enable-nls --enable-clocale=gnu --enable-libstdcxx-debug --enable-libstdcxx-time=yes --with-default-libstdcxx-abi=new --enable-gnu-unique-object --disable-vtable-verify --enable-plugin --enable-default-pie --with-system-zlib --with-target-system-zlib=auto --enable-objc-gc=auto --enable-multiarch --disable-werror --with-arch-32=i686 --with-abi=m64 --with-multilib-list=m32 m64 mx32 --enable-multilib --with-tune=generic --enable-offload-targets=nvptx-none=/build/gcc-9-9QDOt0/gcc-9-9.4.0/debian/tmp-nvptx/usr hsa --without-cuda-driver --enable-checking=release --build=x86_64-linux-gnu --host=x86_64-linux-gnu --target=x86_64-linux-gnu]
  ignore line: [Thread model: posix]
  ignore line: [gcc version 9.4.0 (Ubuntu 9.4.0-1ubuntu1~20.04.2) ]
  ignore line: [COMPILER_PATH=/usr/lib/gcc/x86_64-linux-gnu/9/:/usr/lib/gcc/x86_64-linux-gnu/9/:/usr/lib/gcc/x86_64-linux-gnu/:/usr/lib/gcc/x86_64-linux-gnu/9/:/usr/lib/gcc/x86_64-linux-gnu/]
  ignore line: [LIBRARY_PATH=/usr/lib/gcc/x86_64-linux-gnu/9/:/usr/lib/gcc/x86_64-linux-gnu/9/../../../x86_64-linux-gnu/:/usr/lib/gcc/x86_64-linux-gnu/9/../../../../lib/:/lib/x86_64-linux-gnu/:/lib/../lib/:/usr/lib/x86_64-linux-gnu/:/usr/lib/../lib/:/usr/lib/gcc/x86_64-linux-gnu/9/../../../:/lib/:/usr/lib/]
  ignore line: [COLLECT_GCC_OPTIONS='-v' '-o' 'cmTC_c85af' '-mtune=generic' '-march=x86-64']
  link line: [ /usr/lib/gcc/x86_64-linux-gnu/9/collect2 -plugin /usr/lib/gcc/x86_64-linux-gnu/9/liblto_plugin.so -plugin-opt=/usr/lib/gcc/x86_64-linux-gnu/9/lto-wrapper -plugin-opt=-fresolution=/tmp/ccRH4K1N.res -plugin-opt=-pass-through=-lgcc -plugin-opt=-pass-through=-lgcc_s -plugin-opt=-pass-through=-lc -plugin-opt=-pass-through=-lgcc -plugin-opt=-pass-through=-lgcc_s --build-id --eh-frame-hdr -m elf_x86_64 --hash-style=gnu --as-needed -dynamic-linker /lib64/ld-linux-x86-64.so.2 -pie -z now -z relro -o cmTC_c85af /usr/lib/gcc/x86_64-linux-gnu/9/../../../x86_64-linux-gnu/Scrt1.o /usr/lib/gcc/x86_64-linux-gnu/9/../../../x86_64-linux-gnu/crti.o /usr/lib/gcc/x86_64-linux-gnu/9/crtbeginS.o -L/usr/lib/gcc/x86_64-linux-gnu/9 -L/usr/lib/gcc/x86_64-linux-gnu/9/../../../x86_64-linux-gnu -L/usr/lib/gcc/x86_64-linux-gnu/9/../../../../lib -L/lib/x86_64-linux-gnu -L/lib/../lib -L/usr/lib/x86_64-linux-gnu -L/usr/lib/../lib -L/usr/lib/gcc/x86_64-linux-gnu/9/../../.. CMakeFiles/cmTC_c85af.dir/CMakeCCompilerABI.c.o -lgcc --push-state --as-needed -lgcc_s --pop-state -lc -lgcc --push-state --as-needed -lgcc_s --pop-state /usr/lib/gcc/x86_64-linux-gnu/9/crtendS.o /usr/lib/gcc/x86_64-linux-gnu/9/../../../x86_64-linux-gnu/crtn.o]
    arg [/usr/lib/gcc/x86_64-linux-gnu/9/collect2] ==> ignore
    arg [-plugin] ==> ignore
    arg [/usr/lib/gcc/x86_64-linux-gnu/9/liblto_plugin.so] ==> ignore
    arg [-plugin-opt=/usr/lib/gcc/x86_64-linux-gnu/9/lto-wrapper] ==> ignore
    arg [-plugin-opt=-fresolution=/tmp/ccRH4K1N.res] ==> ignore
    arg [-plugin-opt=-pass-through=-lgcc] ==> ignore
    arg [-plugin-opt=-pass-through=-lgcc_s] ==> ignore
    arg [-plugin-opt=-pass-through=-lc] ==> ignore
    arg [-plugin-opt=-pass-through=-lgcc] ==> ignore
    arg [-plugin-opt=-pass-through=-lgcc_s] ==> ignore
    arg [--build-id] ==> ignore
    arg [--eh-frame-hdr] ==> ignore
    arg [-m] ==> ignore
    arg [elf_x86_64] ==> ignore
    arg [--hash-style=gnu] ==> ignore
    arg [--as-needed] ==> ignore
    arg [-dynamic-linker] ==> ignore
    arg [/lib64/ld-linux-x86-64.so.2] ==> ignore
    arg [-pie] ==> ignore
    arg [-znow] ==> ignore
    arg [-zrelro] ==> ignore
    arg [-o] ==> ignore
    arg [cmTC_c85af] ==> ignore
    arg [/usr/lib/gcc/x86_64-linux-gnu/9/../../../x86_64-linux-gnu/Scrt1.o] ==> ignore
    arg [/usr/lib/gcc/x86_64-linux-gnu/9/../../../x86_64-linux-gnu/crti.o] ==> ignore
    arg [/usr/lib/gcc/x86_64-linux-gnu/9/crtbeginS.o] ==> ignore
    arg [-L/usr/lib/gcc/x86_64-linux-gnu/9] ==> dir [/usr/lib/gcc/x86_64-linux-gnu/9]
    arg [-L/usr/lib/gcc/x86_64-linux-gnu/9/../../../x86_64-linux-gnu] ==> dir [/usr/lib/gcc/x86_64-linux-gnu/9/../../../x86_64-linux-gnu]
    arg [-L/usr/lib/gcc/x86_64-linux-gnu/9/../../../../lib] ==> dir [/usr/lib/gcc/x86_64-linux-gnu/9/../../../../lib]
    arg [-L/lib/x86_64-linux-gnu] ==> dir [/lib/x86_64-linux-gnu]
    arg [-L/lib/../lib] ==> dir [/lib/../lib]
    arg [-L/usr/lib/x86_64-linux-gnu] ==> dir [/usr/lib/x86_64-linux-gnu]
    arg [-L/usr/lib/../lib] ==> dir [/usr/lib/../lib]
    arg [-L/usr/lib/gcc/x86_64-linux-gnu/9/../../..] ==> dir [/usr/lib/gcc/x86_64-linux-gnu/9/../../..]
    arg [CMakeFiles/cmTC_c85af.dir/CMakeCCompilerABI.c.o] ==> ignore
    arg [-lgcc] ==> lib [gcc]
    arg [--push-state] ==> ignore
    arg [--as-needed] ==> ignore
    arg [-lgcc_s] ==> lib [gcc_s]
    arg [--pop-state] ==> ignore
    arg [-lc] ==> lib [c]
    arg [-lgcc] ==> lib [gcc]
    arg [--push-state] ==> ignore
    arg [--as-needed] ==> ignore
    arg [-lgcc_s] ==> lib [gcc_s]
    arg [--pop-state] ==> ignore
    arg [/usr/lib/gcc/x86_64-linux-gnu/9/crtendS.o] ==> ignore
    arg [/usr/lib/gcc/x86_64-linux-gnu/9/../../../x86_64-linux-gnu/crtn.o] ==> ignore
  collapse library dir [/usr/lib/gcc/x86_64-linux-gnu/9] ==> [/usr/lib/gcc/x86_64-linux-gnu/9]
  collapse library dir [/usr/lib/gcc/x86_64-linux-gnu/9/../../../x86_64-linux-gnu] ==> [/usr/lib/x86_64-linux-gnu]
  collapse library dir [/usr/lib/gcc/x86_64-linux-gnu/9/../../../../lib] ==> [/usr/lib]
  collapse library dir [/lib/x86_64-linux-gnu] ==> [/lib/x86_64-linux-gnu]
  collapse library dir [/lib/../lib] ==> [/lib]
  collapse library dir [/usr/lib/x86_64-linux-gnu] ==> [/usr/lib/x86_64-linux-gnu]
  collapse library dir [/usr/lib/../lib] ==> [/usr/lib]
  collapse library dir [/usr/lib/gcc/x86_64-linux-gnu/9/../../..] ==> [/usr/lib]
  implicit libs: [gcc;gcc_s;c;gcc;gcc_s]
  implicit dirs: [/usr/lib/gcc/x86_64-linux-gnu/9;/usr/lib/x86_64-linux-gnu;/usr/lib;/lib/x86_64-linux-gnu;/lib]
  implicit fwks: []


Determining if the include file pthread.h exists passed with the following output:
Change Dir: /home/alvaropr/workarea/gnuradio/gr-demonstrator/CMakeFiles/CMakeTmp

Run Build Command(s):/usr/bin/make cmTC_df41b/fast && /usr/bin/make -f CMakeFiles/cmTC_df41b.dir/build.make CMakeFiles/cmTC_df41b.dir/build
make[1]: Entering directory '/home/alvaropr/workarea/gnuradio/gr-demonstrator/CMakeFiles/CMakeTmp'
Building C object CMakeFiles/cmTC_df41b.dir/CheckIncludeFile.c.o
/usr/bin/cc    -o CMakeFiles/cmTC_df41b.dir/CheckIncludeFile.c.o   -c /home/alvaropr/workarea/gnuradio/gr-demonstrator/CMakeFiles/CMakeTmp/CheckIncludeFile.c
Linking C executable cmTC_df41b
/usr/bin/cmake -E cmake_link_script CMakeFiles/cmTC_df41b.dir/link.txt --verbose=1
/usr/bin/cc      CMakeFiles/cmTC_df41b.dir/CheckIncludeFile.c.o  -o cmTC_df41b 
make[1]: Leaving directory '/home/alvaropr/workarea/gnuradio/gr-demonstrator/CMakeFiles/CMakeTmp'



Determining if the function pthread_create exists in the pthread passed with the following output:
Change Dir: /home/alvaropr/workarea/gnuradio/gr-demonstrator/CMakeFiles/CMakeTmp

Run Build Command(s):/usr/bin/make cmTC_e5bf1/fast && /usr/bin/make -f CMakeFiles/cmTC_e5bf1.dir/build.make CMakeFiles/cmTC_e5bf1.dir/build
make[1]: Entering directory '/home/alvaropr/workarea/gnuradio/gr-demonstrator/CMakeFiles/CMakeTmp'
Building C object CMakeFiles/cmTC_e5bf1.dir/CheckFunctionExists.c.o
/usr/bin/cc   -DCHECK_FUNCTION_EXISTS=pthread_create   -o CMakeFiles/cmTC_e5bf1.dir/CheckFunctionExists.c.o   -c /usr/share/cmake-3.16/Modules/CheckFunctionExists.c
Linking C executable cmTC_e5bf1
/usr/bin/cmake -E cmake_link_script CMakeFiles/cmTC_e5bf1.dir/link.txt --verbose=1
/usr/bin/cc  -DCHECK_FUNCTION_EXISTS=pthread_create    CMakeFiles/cmTC_e5bf1.dir/CheckFunctionExists.c.o  -o cmTC_e5bf1  -lpthread 
make[1]: Leaving directory '/home/alvaropr/workarea/gnuradio/gr-demonstrator/CMakeFiles/CMakeTmp'



Determining if the include file sys/types.h exists passed with the following output:
Change Dir: /home/alvaropr/workarea/gnuradio/gr-demonstrator/CMakeFiles/CMakeTmp

Run Build Command(s):/usr/bin/make cmTC_43b67/fast && /usr/bin/make -f CMakeFiles/cmTC_43b67.dir/build.make CMakeFiles/cmTC_43b67.dir/build
make[1]: Entering directory '/home/alvaropr/workarea/gnuradio/gr-demonstrator/CMakeFiles/CMakeTmp'
Building C object CMakeFiles/cmTC_43b67.dir/CheckIncludeFile.c.o
/usr/bin/cc   -std=c11 -o CMakeFiles/cmTC_43b67.dir/CheckIncludeFile.c.o   -c /home/alvaropr/workarea/gnuradio/gr-demonstrator/CMakeFiles/CMakeTmp/CheckIncludeFile.c
Linking C executable cmTC_43b67
/usr/bin/cmake -E cmake_link_script CMakeFiles/cmTC_43b67.dir/link.txt --verbose=1
/usr/bin/cc      CMakeFiles/cmTC_43b67.dir/CheckIncludeFile.c.o  -o cmTC_43b67 
make[1]: Leaving directory '/home/alvaropr/workarea/gnuradio/gr-demonstrator/CMakeFiles/CMakeTmp'



Determining if the include file stdint.h exists passed with the following output:
Change Dir: /home/alvaropr/workarea/gnuradio/gr-demonstrator/CMakeFiles/CMakeTmp

Run Build Command(s):/usr/bin/make cmTC_e5325/fast && /usr/bin/make -f CMakeFiles/cmTC_e5325.dir/build.make CMakeFiles/cmTC_e5325.dir/build
make[1]: Entering directory '/home/alvaropr/workarea/gnuradio/gr-demonstrator/CMakeFiles/CMakeTmp'
Building C object CMakeFiles/cmTC_e5325.dir/CheckIncludeFile.c.o
/usr/bin/cc   -std=c11 -o CMakeFiles/cmTC_e5325.dir/CheckIncludeFile.c.o   -c /home/alvaropr/workarea/gnuradio/gr-demonstrator/CMakeFiles/CMakeTmp/CheckIncludeFile.c
Linking C executable cmTC_e5325
/usr/bin/cmake -E cmake_link_script CMakeFiles/cmTC_e5325.dir/link.txt --verbose=1
/usr/bin/cc      CMakeFiles/cmTC_e5325.dir/CheckIncludeFile.c.o  -o cmTC_e5325 
make[1]: Leaving directory '/home/alvaropr/workarea/gnuradio/gr-demonstrator/CMakeFiles/CMakeTmp'



Determining if the include file stddef.h exists passed with the following output:
Change Dir: /home/alvaropr/workarea/gnuradio/gr-demonstrator/CMakeFiles/CMakeTmp

Run Build Command(s):/usr/bin/make cmTC_32412/fast && /usr/bin/make -f CMakeFiles/cmTC_32412.dir/build.make CMakeFiles/cmTC_32412.dir/build
make[1]: Entering directory '/home/alvaropr/workarea/gnuradio/gr-demonstrator/CMakeFiles/CMakeTmp'
Building C object CMakeFiles/cmTC_32412.dir/CheckIncludeFile.c.o
/usr/bin/cc   -std=c11 -o CMakeFiles/cmTC_32412.dir/CheckIncludeFile.c.o   -c /home/alvaropr/workarea/gnuradio/gr-demonstrator/CMakeFiles/CMakeTmp/CheckIncludeFile.c
Linking C executable cmTC_32412
/usr/bin/cmake -E cmake_link_script CMakeFiles/cmTC_32412.dir/link.txt --verbose=1
/usr/bin/cc      CMakeFiles/cmTC_32412.dir/CheckIncludeFile.c.o  -o cmTC_32412 
make[1]: Leaving directory '/home/alvaropr/workarea/gnuradio/gr-demonstrator/CMakeFiles/CMakeTmp'



Determining size of unsigned short passed with the following output:
Change Dir: /home/alvaropr/workarea/gnuradio/gr-demonstrator/CMakeFiles/CMakeTmp

Run Build Command(s):/usr/bin/make cmTC_c58a1/fast && /usr/bin/make -f CMakeFiles/cmTC_c58a1.dir/build.make CMakeFiles/cmTC_c58a1.dir/build
make[1]: Entering directory '/home/alvaropr/workarea/gnuradio/gr-demonstrator/CMakeFiles/CMakeTmp'
Building C object CMakeFiles/cmTC_c58a1.dir/CMAKE_SIZEOF_UNSIGNED_SHORT.c.o
/usr/bin/cc   -std=c11 -o CMakeFiles/cmTC_c58a1.dir/CMAKE_SIZEOF_UNSIGNED_SHORT.c.o   -c /home/alvaropr/workarea/gnuradio/gr-demonstrator/CMakeFiles/CheckTypeSize/CMAKE_SIZEOF_UNSIGNED_SHORT.c
Linking C executable cmTC_c58a1
/usr/bin/cmake -E cmake_link_script CMakeFiles/cmTC_c58a1.dir/link.txt --verbose=1
/usr/bin/cc      CMakeFiles/cmTC_c58a1.dir/CMAKE_SIZEOF_UNSIGNED_SHORT.c.o  -o cmTC_c58a1 
make[1]: Leaving directory '/home/alvaropr/workarea/gnuradio/gr-demonstrator/CMakeFiles/CMakeTmp'



Determining if the system is big endian passed with the following output:
Change Dir: /home/alvaropr/workarea/gnuradio/gr-demonstrator/CMakeFiles/CMakeTmp

Run Build Command(s):/usr/bin/make cmTC_0dc72/fast && /usr/bin/make -f CMakeFiles/cmTC_0dc72.dir/build.make CMakeFiles/cmTC_0dc72.dir/build
make[1]: Entering directory '/home/alvaropr/workarea/gnuradio/gr-demonstrator/CMakeFiles/CMakeTmp'
Building C object CMakeFiles/cmTC_0dc72.dir/TestEndianess.c.o
/usr/bin/cc   -std=c11 -o CMakeFiles/cmTC_0dc72.dir/TestEndianess.c.o   -c /home/alvaropr/workarea/gnuradio/gr-demonstrator/CMakeFiles/CMakeTmp/TestEndianess.c
Linking C executable cmTC_0dc72
/usr/bin/cmake -E cmake_link_script CMakeFiles/cmTC_0dc72.dir/link.txt --verbose=1
/usr/bin/cc      CMakeFiles/cmTC_0dc72.dir/TestEndianess.c.o  -o cmTC_0dc72 
make[1]: Leaving directory '/home/alvaropr/workarea/gnuradio/gr-demonstrator/CMakeFiles/CMakeTmp'


TestEndianess.c:
/* A 16 bit integer is required. */
typedef unsigned short cmakeint16;

/* On a little endian machine, these 16bit ints will give "THIS IS LITTLE ENDIAN."
   On a big endian machine the characters will be exchanged pairwise. */
const cmakeint16 info_little[] =  {0x4854, 0x5349, 0x4920, 0x2053, 0x494c, 0x5454, 0x454c, 0x4520, 0x444e, 0x4149, 0x2e4e, 0x0000};

/* on a big endian machine, these 16bit ints will give "THIS IS BIG ENDIAN."
   On a little endian machine the characters will be exchanged pairwise. */
const cmakeint16 info_big[] =     {0x5448, 0x4953, 0x2049, 0x5320, 0x4249, 0x4720, 0x454e, 0x4449, 0x414e, 0x2e2e, 0x0000};

#ifdef __CLASSIC_C__
int main(argc, argv) int argc; char *argv[];
#else
int main(int argc, char *argv[])
#endif
{
  int require = 0;
  require += info_little[argc];
  require += info_big[argc];
  (void)argv;
  return require;
}


Performing C++ SOURCE FILE Test HAVE_VISIBILITY_HIDDEN succeeded with the following output:
Change Dir: /home/alvaropr/workarea/gnuradio/gr-demonstrator/CMakeFiles/CMakeTmp

Run Build Command(s):/usr/bin/make cmTC_368a4/fast && /usr/bin/make -f CMakeFiles/cmTC_368a4.dir/build.make CMakeFiles/cmTC_368a4.dir/build
make[1]: Entering directory '/home/alvaropr/workarea/gnuradio/gr-demonstrator/CMakeFiles/CMakeTmp'
Building CXX object CMakeFiles/cmTC_368a4.dir/src.cxx.o
/usr/bin/c++    -DHAVE_VISIBILITY_HIDDEN   -fvisibility=hidden -std=c++14 -o CMakeFiles/cmTC_368a4.dir/src.cxx.o -c /home/alvaropr/workarea/gnuradio/gr-demonstrator/CMakeFiles/CMakeTmp/src.cxx
Linking CXX executable cmTC_368a4
/usr/bin/cmake -E cmake_link_script CMakeFiles/cmTC_368a4.dir/link.txt --verbose=1
/usr/bin/c++   -DHAVE_VISIBILITY_HIDDEN    CMakeFiles/cmTC_368a4.dir/src.cxx.o  -o cmTC_368a4 
make[1]: Leaving directory '/home/alvaropr/workarea/gnuradio/gr-demonstrator/CMakeFiles/CMakeTmp'


Source file was:
int main() { return 0; }
Performing C++ SOURCE FILE Test HAVE_WARN_SIGN_COMPARE succeeded with the following output:
Change Dir: /home/alvaropr/workarea/gnuradio/gr-demonstrator/CMakeFiles/CMakeTmp

Run Build Command(s):/usr/bin/make cmTC_f6cbe/fast && /usr/bin/make -f CMakeFiles/cmTC_f6cbe.dir/build.make CMakeFiles/cmTC_f6cbe.dir/build
make[1]: Entering directory '/home/alvaropr/workarea/gnuradio/gr-demonstrator/CMakeFiles/CMakeTmp'
Building CXX object CMakeFiles/cmTC_f6cbe.dir/src.cxx.o
/usr/bin/c++    -fvisibility=hidden -DHAVE_WARN_SIGN_COMPARE   -Wsign-compare -std=c++14 -o CMakeFiles/cmTC_f6cbe.dir/src.cxx.o -c /home/alvaropr/workarea/gnuradio/gr-demonstrator/CMakeFiles/CMakeTmp/src.cxx
Linking CXX executable cmTC_f6cbe
/usr/bin/cmake -E cmake_link_script CMakeFiles/cmTC_f6cbe.dir/link.txt --verbose=1
/usr/bin/c++   -fvisibility=hidden -DHAVE_WARN_SIGN_COMPARE    CMakeFiles/cmTC_f6cbe.dir/src.cxx.o  -o cmTC_f6cbe 
make[1]: Leaving directory '/home/alvaropr/workarea/gnuradio/gr-demonstrator/CMakeFiles/CMakeTmp'


Source file was:
int main() { return 0; }
Performing C++ SOURCE FILE Test HAVE_WARN_ALL succeeded with the following output:
Change Dir: /home/alvaropr/workarea/gnuradio/gr-demonstrator/CMakeFiles/CMakeTmp

Run Build Command(s):/usr/bin/make cmTC_7aef9/fast && /usr/bin/make -f CMakeFiles/cmTC_7aef9.dir/build.make CMakeFiles/cmTC_7aef9.dir/build
make[1]: Entering directory '/home/alvaropr/workarea/gnuradio/gr-demonstrator/CMakeFiles/CMakeTmp'
Building CXX object CMakeFiles/cmTC_7aef9.dir/src.cxx.o
/usr/bin/c++    -fvisibility=hidden -Wsign-compare -DHAVE_WARN_ALL   -Wall -std=c++14 -o CMakeFiles/cmTC_7aef9.dir/src.cxx.o -c /home/alvaropr/workarea/gnuradio/gr-demonstrator/CMakeFiles/CMakeTmp/src.cxx
Linking CXX executable cmTC_7aef9
/usr/bin/cmake -E cmake_link_script CMakeFiles/cmTC_7aef9.dir/link.txt --verbose=1
/usr/bin/c++   -fvisibility=hidden -Wsign-compare -DHAVE_WARN_ALL    CMakeFiles/cmTC_7aef9.dir/src.cxx.o  -o cmTC_7aef9 
make[1]: Leaving directory '/home/alvaropr/workarea/gnuradio/gr-demonstrator/CMakeFiles/CMakeTmp'


Source file was:
int main() { return 0; }
Performing C++ SOURCE FILE Test HAVE_WARN_NO_UNINITIALIZED succeeded with the following output:
Change Dir: /home/alvaropr/workarea/gnuradio/gr-demonstrator/CMakeFiles/CMakeTmp

Run Build Command(s):/usr/bin/make cmTC_18fd5/fast && /usr/bin/make -f CMakeFiles/cmTC_18fd5.dir/build.make CMakeFiles/cmTC_18fd5.dir/build
make[1]: Entering directory '/home/alvaropr/workarea/gnuradio/gr-demonstrator/CMakeFiles/CMakeTmp'
Building CXX object CMakeFiles/cmTC_18fd5.dir/src.cxx.o
/usr/bin/c++    -fvisibility=hidden -Wsign-compare -Wall -DHAVE_WARN_NO_UNINITIALIZED   -Wno-uninitialized -std=c++14 -o CMakeFiles/cmTC_18fd5.dir/src.cxx.o -c /home/alvaropr/workarea/gnuradio/gr-demonstrator/CMakeFiles/CMakeTmp/src.cxx
Linking CXX executable cmTC_18fd5
/usr/bin/cmake -E cmake_link_script CMakeFiles/cmTC_18fd5.dir/link.txt --verbose=1
/usr/bin/c++   -fvisibility=hidden -Wsign-compare -Wall -DHAVE_WARN_NO_UNINITIALIZED    CMakeFiles/cmTC_18fd5.dir/src.cxx.o  -o cmTC_18fd5 
make[1]: Leaving directory '/home/alvaropr/workarea/gnuradio/gr-demonstrator/CMakeFiles/CMakeTmp'


Source file was:
int main() { return 0; }
Performing C++ SOURCE FILE Test HAVE_CX_LIMITED_RANGE succeeded with the following output:
Change Dir: /home/alvaropr/workarea/gnuradio/gr-demonstrator/CMakeFiles/CMakeTmp

Run Build Command(s):/usr/bin/make cmTC_be327/fast && /usr/bin/make -f CMakeFiles/cmTC_be327.dir/build.make CMakeFiles/cmTC_be327.dir/build
make[1]: Entering directory '/home/alvaropr/workarea/gnuradio/gr-demonstrator/CMakeFiles/CMakeTmp'
Building CXX object CMakeFiles/cmTC_be327.dir/src.cxx.o
/usr/bin/c++    -fvisibility=hidden -Wsign-compare -Wall -Wno-uninitialized -DHAVE_CX_LIMITED_RANGE   -fcx-limited-range -std=c++14 -o CMakeFiles/cmTC_be327.dir/src.cxx.o -c /home/alvaropr/workarea/gnuradio/gr-demonstrator/CMakeFiles/CMakeTmp/src.cxx
Linking CXX executable cmTC_be327
/usr/bin/cmake -E cmake_link_script CMakeFiles/cmTC_be327.dir/link.txt --verbose=1
/usr/bin/c++   -fvisibility=hidden -Wsign-compare -Wall -Wno-uninitialized -DHAVE_CX_LIMITED_RANGE    CMakeFiles/cmTC_be327.dir/src.cxx.o  -o cmTC_be327 
make[1]: Leaving directory '/home/alvaropr/workarea/gnuradio/gr-demonstrator/CMakeFiles/CMakeTmp'


Source file was:
int main() { return 0; }
Determining if the include file sys/mman.h exists passed with the following output:
Change Dir: /home/alvaropr/workarea/gnuradio/gr-demonstrator/CMakeFiles/CMakeTmp

Run Build Command(s):/usr/bin/make cmTC_11b23/fast && /usr/bin/make -f CMakeFiles/cmTC_11b23.dir/build.make CMakeFiles/cmTC_11b23.dir/build
make[1]: Entering directory '/home/alvaropr/workarea/gnuradio/gr-demonstrator/CMakeFiles/CMakeTmp'
Building CXX object CMakeFiles/cmTC_11b23.dir/CheckIncludeFile.cxx.o
/usr/bin/c++    -fvisibility=hidden -Wsign-compare -Wall -Wno-uninitialized -fcx-limited-range    -std=c++14 -o CMakeFiles/cmTC_11b23.dir/CheckIncludeFile.cxx.o -c /home/alvaropr/workarea/gnuradio/gr-demonstrator/CMakeFiles/CMakeTmp/CheckIncludeFile.cxx
Linking CXX executable cmTC_11b23
/usr/bin/cmake -E cmake_link_script CMakeFiles/cmTC_11b23.dir/link.txt --verbose=1
/usr/bin/c++   -fvisibility=hidden -Wsign-compare -Wall -Wno-uninitialized -fcx-limited-range     CMakeFiles/cmTC_11b23.dir/CheckIncludeFile.cxx.o  -o cmTC_11b23 
make[1]: Leaving directory '/home/alvaropr/workarea/gnuradio/gr-demonstrator/CMakeFiles/CMakeTmp'



Determining if the include file sys/ipc.h exists passed with the following output:
Change Dir: /home/alvaropr/workarea/gnuradio/gr-demonstrator/CMakeFiles/CMakeTmp

Run Build Command(s):/usr/bin/make cmTC_49f43/fast && /usr/bin/make -f CMakeFiles/cmTC_49f43.dir/build.make CMakeFiles/cmTC_49f43.dir/build
make[1]: Entering directory '/home/alvaropr/workarea/gnuradio/gr-demonstrator/CMakeFiles/CMakeTmp'
Building CXX object CMakeFiles/cmTC_49f43.dir/CheckIncludeFile.cxx.o
/usr/bin/c++    -fvisibility=hidden -Wsign-compare -Wall -Wno-uninitialized -fcx-limited-range    -std=c++14 -o CMakeFiles/cmTC_49f43.dir/CheckIncludeFile.cxx.o -c /home/alvaropr/workarea/gnuradio/gr-demonstrator/CMakeFiles/CMakeTmp/CheckIncludeFile.cxx
Linking CXX executable cmTC_49f43
/usr/bin/cmake -E cmake_link_script CMakeFiles/cmTC_49f43.dir/link.txt --verbose=1
/usr/bin/c++   -fvisibility=hidden -Wsign-compare -Wall -Wno-uninitialized -fcx-limited-range     CMakeFiles/cmTC_49f43.dir/CheckIncludeFile.cxx.o  -o cmTC_49f43 
make[1]: Leaving directory '/home/alvaropr/workarea/gnuradio/gr-demonstrator/CMakeFiles/CMakeTmp'



Determining if the include file sys/shm.h exists passed with the following output:
Change Dir: /home/alvaropr/workarea/gnuradio/gr-demonstrator/CMakeFiles/CMakeTmp

Run Build Command(s):/usr/bin/make cmTC_0fab4/fast && /usr/bin/make -f CMakeFiles/cmTC_0fab4.dir/build.make CMakeFiles/cmTC_0fab4.dir/build
make[1]: Entering directory '/home/alvaropr/workarea/gnuradio/gr-demonstrator/CMakeFiles/CMakeTmp'
Building CXX object CMakeFiles/cmTC_0fab4.dir/CheckIncludeFile.cxx.o
/usr/bin/c++    -fvisibility=hidden -Wsign-compare -Wall -Wno-uninitialized -fcx-limited-range    -std=c++14 -o CMakeFiles/cmTC_0fab4.dir/CheckIncludeFile.cxx.o -c /home/alvaropr/workarea/gnuradio/gr-demonstrator/CMakeFiles/CMakeTmp/CheckIncludeFile.cxx
Linking CXX executable cmTC_0fab4
/usr/bin/cmake -E cmake_link_script CMakeFiles/cmTC_0fab4.dir/link.txt --verbose=1
/usr/bin/c++   -fvisibility=hidden -Wsign-compare -Wall -Wno-uninitialized -fcx-limited-range     CMakeFiles/cmTC_0fab4.dir/CheckIncludeFile.cxx.o  -o cmTC_0fab4 
make[1]: Leaving directory '/home/alvaropr/workarea/gnuradio/gr-demonstrator/CMakeFiles/CMakeTmp'



Determining if the include file signal.h exists passed with the following output:
Change Dir: /home/alvaropr/workarea/gnuradio/gr-demonstrator/CMakeFiles/CMakeTmp

Run Build Command(s):/usr/bin/make cmTC_34b71/fast && /usr/bin/make -f CMakeFiles/cmTC_34b71.dir/build.make CMakeFiles/cmTC_34b71.dir/build
make[1]: Entering directory '/home/alvaropr/workarea/gnuradio/gr-demonstrator/CMakeFiles/CMakeTmp'
Building CXX object CMakeFiles/cmTC_34b71.dir/CheckIncludeFile.cxx.o
/usr/bin/c++    -fvisibility=hidden -Wsign-compare -Wall -Wno-uninitialized -fcx-limited-range    -std=c++14 -o CMakeFiles/cmTC_34b71.dir/CheckIncludeFile.cxx.o -c /home/alvaropr/workarea/gnuradio/gr-demonstrator/CMakeFiles/CMakeTmp/CheckIncludeFile.cxx
Linking CXX executable cmTC_34b71
/usr/bin/cmake -E cmake_link_script CMakeFiles/cmTC_34b71.dir/link.txt --verbose=1
/usr/bin/c++   -fvisibility=hidden -Wsign-compare -Wall -Wno-uninitialized -fcx-limited-range     CMakeFiles/cmTC_34b71.dir/CheckIncludeFile.cxx.o  -o cmTC_34b71 
make[1]: Leaving directory '/home/alvaropr/workarea/gnuradio/gr-demonstrator/CMakeFiles/CMakeTmp'



Performing C++ SOURCE FILE Test HAVE_SIGACTION succeeded with the following output:
Change Dir: /home/alvaropr/workarea/gnuradio/gr-demonstrator/CMakeFiles/CMakeTmp

Run Build Command(s):/usr/bin/make cmTC_74265/fast && /usr/bin/make -f CMakeFiles/cmTC_74265.dir/build.make CMakeFiles/cmTC_74265.dir/build
make[1]: Entering directory '/home/alvaropr/workarea/gnuradio/gr-demonstrator/CMakeFiles/CMakeTmp'
Building CXX object CMakeFiles/cmTC_74265.dir/src.cxx.o
/usr/bin/c++    -fvisibility=hidden -Wsign-compare -Wall -Wno-uninitialized -fcx-limited-range -DHAVE_SIGACTION   -std=c++14 -o CMakeFiles/cmTC_74265.dir/src.cxx.o -c /home/alvaropr/workarea/gnuradio/gr-demonstrator/CMakeFiles/CMakeTmp/src.cxx
Linking CXX executable cmTC_74265
/usr/bin/cmake -E cmake_link_script CMakeFiles/cmTC_74265.dir/link.txt --verbose=1
/usr/bin/c++   -fvisibility=hidden -Wsign-compare -Wall -Wno-uninitialized -fcx-limited-range -DHAVE_SIGACTION    CMakeFiles/cmTC_74265.dir/src.cxx.o  -o cmTC_74265 
make[1]: Leaving directory '/home/alvaropr/workarea/gnuradio/gr-demonstrator/CMakeFiles/CMakeTmp'


Source file was:

    #include <signal.h>
    int main(){sigaction(0, 0, 0); return 0;}
    
Performing C++ SOURCE FILE Test HAVE_SYSCONF succeeded with the following output:
Change Dir: /home/alvaropr/workarea/gnuradio/gr-demonstrator/CMakeFiles/CMakeTmp

Run Build Command(s):/usr/bin/make cmTC_a86cf/fast && /usr/bin/make -f CMakeFiles/cmTC_a86cf.dir/build.make CMakeFiles/cmTC_a86cf.dir/build
make[1]: Entering directory '/home/alvaropr/workarea/gnuradio/gr-demonstrator/CMakeFiles/CMakeTmp'
Building CXX object CMakeFiles/cmTC_a86cf.dir/src.cxx.o
/usr/bin/c++    -fvisibility=hidden -Wsign-compare -Wall -Wno-uninitialized -fcx-limited-range -DHAVE_SYSCONF   -std=c++14 -o CMakeFiles/cmTC_a86cf.dir/src.cxx.o -c /home/alvaropr/workarea/gnuradio/gr-demonstrator/CMakeFiles/CMakeTmp/src.cxx
Linking CXX executable cmTC_a86cf
/usr/bin/cmake -E cmake_link_script CMakeFiles/cmTC_a86cf.dir/link.txt --verbose=1
/usr/bin/c++   -fvisibility=hidden -Wsign-compare -Wall -Wno-uninitialized -fcx-limited-range -DHAVE_SYSCONF    CMakeFiles/cmTC_a86cf.dir/src.cxx.o  -o cmTC_a86cf 
make[1]: Leaving directory '/home/alvaropr/workarea/gnuradio/gr-demonstrator/CMakeFiles/CMakeTmp'


Source file was:

    #include <unistd.h>
    int main(){sysconf(0); return 0;}
    
Performing C++ SOURCE FILE Test HAVE_GETPAGESIZE succeeded with the following output:
Change Dir: /home/alvaropr/workarea/gnuradio/gr-demonstrator/CMakeFiles/CMakeTmp

Run Build Command(s):/usr/bin/make cmTC_0874e/fast && /usr/bin/make -f CMakeFiles/cmTC_0874e.dir/build.make CMakeFiles/cmTC_0874e.dir/build
make[1]: Entering directory '/home/alvaropr/workarea/gnuradio/gr-demonstrator/CMakeFiles/CMakeTmp'
Building CXX object CMakeFiles/cmTC_0874e.dir/src.cxx.o
/usr/bin/c++    -fvisibility=hidden -Wsign-compare -Wall -Wno-uninitialized -fcx-limited-range -DHAVE_GETPAGESIZE   -std=c++14 -o CMakeFiles/cmTC_0874e.dir/src.cxx.o -c /home/alvaropr/workarea/gnuradio/gr-demonstrator/CMakeFiles/CMakeTmp/src.cxx
/home/alvaropr/workarea/gnuradio/gr-demonstrator/CMakeFiles/CMakeTmp/src.cxx: In function int main():
/home/alvaropr/workarea/gnuradio/gr-demonstrator/CMakeFiles/CMakeTmp/src.cxx:3:27: warning: statement has no effect [-Wunused-value]
    3 |     int main(){getpagesize(); return 0;}
      |                ~~~~~~~~~~~^~
Linking CXX executable cmTC_0874e
/usr/bin/cmake -E cmake_link_script CMakeFiles/cmTC_0874e.dir/link.txt --verbose=1
/usr/bin/c++   -fvisibility=hidden -Wsign-compare -Wall -Wno-uninitialized -fcx-limited-range -DHAVE_GETPAGESIZE    CMakeFiles/cmTC_0874e.dir/src.cxx.o  -o cmTC_0874e 
make[1]: Leaving directory '/home/alvaropr/workarea/gnuradio/gr-demonstrator/CMakeFiles/CMakeTmp'


Source file was:

    #include <unistd.h>
    int main(){getpagesize(); return 0;}
    
Performing C++ SOURCE FILE Test HAVE_PTHREAD_SIGMASK succeeded with the following output:
Change Dir: /home/alvaropr/workarea/gnuradio/gr-demonstrator/CMakeFiles/CMakeTmp

Run Build Command(s):/usr/bin/make cmTC_c583f/fast && /usr/bin/make -f CMakeFiles/cmTC_c583f.dir/build.make CMakeFiles/cmTC_c583f.dir/build
make[1]: Entering directory '/home/alvaropr/workarea/gnuradio/gr-demonstrator/CMakeFiles/CMakeTmp'
Building CXX object CMakeFiles/cmTC_c583f.dir/src.cxx.o
/usr/bin/c++    -fvisibility=hidden -Wsign-compare -Wall -Wno-uninitialized -fcx-limited-range -DHAVE_PTHREAD_SIGMASK   -std=c++14 -o CMakeFiles/cmTC_c583f.dir/src.cxx.o -c /home/alvaropr/workarea/gnuradio/gr-demonstrator/CMakeFiles/CMakeTmp/src.cxx
Linking CXX executable cmTC_c583f
/usr/bin/cmake -E cmake_link_script CMakeFiles/cmTC_c583f.dir/link.txt --verbose=1
/usr/bin/c++   -fvisibility=hidden -Wsign-compare -Wall -Wno-uninitialized -fcx-limited-range -DHAVE_PTHREAD_SIGMASK    CMakeFiles/cmTC_c583f.dir/src.cxx.o  -o cmTC_c583f  -lpthread 
make[1]: Leaving directory '/home/alvaropr/workarea/gnuradio/gr-demonstrator/CMakeFiles/CMakeTmp'


Source file was:

    #include <signal.h>
    int main(){pthread_sigmask(0, 0, 0); return 0;}
    
Performing C++ SOURCE FILE Test HAVE_SHM_OPEN succeeded with the following output:
Change Dir: /home/alvaropr/workarea/gnuradio/gr-demonstrator/CMakeFiles/CMakeTmp

Run Build Command(s):/usr/bin/make cmTC_713eb/fast && /usr/bin/make -f CMakeFiles/cmTC_713eb.dir/build.make CMakeFiles/cmTC_713eb.dir/build
make[1]: Entering directory '/home/alvaropr/workarea/gnuradio/gr-demonstrator/CMakeFiles/CMakeTmp'
Building CXX object CMakeFiles/cmTC_713eb.dir/src.cxx.o
/usr/bin/c++    -fvisibility=hidden -Wsign-compare -Wall -Wno-uninitialized -fcx-limited-range -DHAVE_SHM_OPEN   -std=c++14 -o CMakeFiles/cmTC_713eb.dir/src.cxx.o -c /home/alvaropr/workarea/gnuradio/gr-demonstrator/CMakeFiles/CMakeTmp/src.cxx
Linking CXX executable cmTC_713eb
/usr/bin/cmake -E cmake_link_script CMakeFiles/cmTC_713eb.dir/link.txt --verbose=1
/usr/bin/c++   -fvisibility=hidden -Wsign-compare -Wall -Wno-uninitialized -fcx-limited-range -DHAVE_SHM_OPEN    CMakeFiles/cmTC_713eb.dir/src.cxx.o  -o cmTC_713eb  -lrt 
make[1]: Leaving directory '/home/alvaropr/workarea/gnuradio/gr-demonstrator/CMakeFiles/CMakeTmp'


Source file was:

    #include <sys/types.h>
    #include <sys/mman.h>
    int main(){shm_open(0, 0, 0); return 0;}
    
Performing C++ SOURCE FILE Test HAVE_SINCOS succeeded with the following output:
Change Dir: /home/alvaropr/workarea/gnuradio/gr-demonstrator/CMakeFiles/CMakeTmp

Run Build Command(s):/usr/bin/make cmTC_7b500/fast && /usr/bin/make -f CMakeFiles/cmTC_7b500.dir/build.make CMakeFiles/cmTC_7b500.dir/build
make[1]: Entering directory '/home/alvaropr/workarea/gnuradio/gr-demonstrator/CMakeFiles/CMakeTmp'
Building CXX object CMakeFiles/cmTC_7b500.dir/src.cxx.o
/usr/bin/c++    -fvisibility=hidden -Wsign-compare -Wall -Wno-uninitialized -fcx-limited-range -DHAVE_SINCOS   -std=c++14 -o CMakeFiles/cmTC_7b500.dir/src.cxx.o -c /home/alvaropr/workarea/gnuradio/gr-demonstrator/CMakeFiles/CMakeTmp/src.cxx
/home/alvaropr/workarea/gnuradio/gr-demonstrator/CMakeFiles/CMakeTmp/src.cxx:2: warning: "_GNU_SOURCE" redefined
    2 |     #define _GNU_SOURCE
      | 
<command-line>: note: this is the location of the previous definition
Linking CXX executable cmTC_7b500
/usr/bin/cmake -E cmake_link_script CMakeFiles/cmTC_7b500.dir/link.txt --verbose=1
/usr/bin/c++   -fvisibility=hidden -Wsign-compare -Wall -Wno-uninitialized -fcx-limited-range -DHAVE_SINCOS    CMakeFiles/cmTC_7b500.dir/src.cxx.o  -o cmTC_7b500 
make[1]: Leaving directory '/home/alvaropr/workarea/gnuradio/gr-demonstrator/CMakeFiles/CMakeTmp'


Source file was:

    #define _GNU_SOURCE
    #include <math.h>
    int main(){double x, sin, cos; sincos(x, &sin, &cos); return 0;}
    
Performing C++ SOURCE FILE Test HAVE_SINCOSF succeeded with the following output:
Change Dir: /home/alvaropr/workarea/gnuradio/gr-demonstrator/CMakeFiles/CMakeTmp

Run Build Command(s):/usr/bin/make cmTC_0a520/fast && /usr/bin/make -f CMakeFiles/cmTC_0a520.dir/build.make CMakeFiles/cmTC_0a520.dir/build
make[1]: Entering directory '/home/alvaropr/workarea/gnuradio/gr-demonstrator/CMakeFiles/CMakeTmp'
Building CXX object CMakeFiles/cmTC_0a520.dir/src.cxx.o
/usr/bin/c++    -fvisibility=hidden -Wsign-compare -Wall -Wno-uninitialized -fcx-limited-range -DHAVE_SINCOSF   -std=c++14 -o CMakeFiles/cmTC_0a520.dir/src.cxx.o -c /home/alvaropr/workarea/gnuradio/gr-demonstrator/CMakeFiles/CMakeTmp/src.cxx
/home/alvaropr/workarea/gnuradio/gr-demonstrator/CMakeFiles/CMakeTmp/src.cxx:2: warning: "_GNU_SOURCE" redefined
    2 |     #define _GNU_SOURCE
      | 
<command-line>: note: this is the location of the previous definition
Linking CXX executable cmTC_0a520
/usr/bin/cmake -E cmake_link_script CMakeFiles/cmTC_0a520.dir/link.txt --verbose=1
/usr/bin/c++   -fvisibility=hidden -Wsign-compare -Wall -Wno-uninitialized -fcx-limited-range -DHAVE_SINCOSF    CMakeFiles/cmTC_0a520.dir/src.cxx.o  -o cmTC_0a520 
make[1]: Leaving directory '/home/alvaropr/workarea/gnuradio/gr-demonstrator/CMakeFiles/CMakeTmp'


Source file was:

    #define _GNU_SOURCE
    #include <math.h>
    int main(){float x, sin, cos; sincosf(x, &sin, &cos); return 0;}
    
Performing C++ SOURCE FILE Test HAVE_SINF succeeded with the following output:
Change Dir: /home/alvaropr/workarea/gnuradio/gr-demonstrator/CMakeFiles/CMakeTmp

Run Build Command(s):/usr/bin/make cmTC_b44c8/fast && /usr/bin/make -f CMakeFiles/cmTC_b44c8.dir/build.make CMakeFiles/cmTC_b44c8.dir/build
make[1]: Entering directory '/home/alvaropr/workarea/gnuradio/gr-demonstrator/CMakeFiles/CMakeTmp'
Building CXX object CMakeFiles/cmTC_b44c8.dir/src.cxx.o
/usr/bin/c++    -fvisibility=hidden -Wsign-compare -Wall -Wno-uninitialized -fcx-limited-range -DHAVE_SINF   -std=c++14 -o CMakeFiles/cmTC_b44c8.dir/src.cxx.o -c /home/alvaropr/workarea/gnuradio/gr-demonstrator/CMakeFiles/CMakeTmp/src.cxx
/home/alvaropr/workarea/gnuradio/gr-demonstrator/CMakeFiles/CMakeTmp/src.cxx: In function int main():
/home/alvaropr/workarea/gnuradio/gr-demonstrator/CMakeFiles/CMakeTmp/src.cxx:3:20: warning: statement has no effect [-Wunused-value]
    3 |     int main(){sinf(0); return 0;}
      |                ~~~~^~~
Linking CXX executable cmTC_b44c8
/usr/bin/cmake -E cmake_link_script CMakeFiles/cmTC_b44c8.dir/link.txt --verbose=1
/usr/bin/c++   -fvisibility=hidden -Wsign-compare -Wall -Wno-uninitialized -fcx-limited-range -DHAVE_SINF    CMakeFiles/cmTC_b44c8.dir/src.cxx.o  -o cmTC_b44c8 
make[1]: Leaving directory '/home/alvaropr/workarea/gnuradio/gr-demonstrator/CMakeFiles/CMakeTmp'


Source file was:

    #include <math.h>
    int main(){sinf(0); return 0;}
    
Performing C++ SOURCE FILE Test HAVE_COSF succeeded with the following output:
Change Dir: /home/alvaropr/workarea/gnuradio/gr-demonstrator/CMakeFiles/CMakeTmp

Run Build Command(s):/usr/bin/make cmTC_497e1/fast && /usr/bin/make -f CMakeFiles/cmTC_497e1.dir/build.make CMakeFiles/cmTC_497e1.dir/build
make[1]: Entering directory '/home/alvaropr/workarea/gnuradio/gr-demonstrator/CMakeFiles/CMakeTmp'
Building CXX object CMakeFiles/cmTC_497e1.dir/src.cxx.o
/usr/bin/c++    -fvisibility=hidden -Wsign-compare -Wall -Wno-uninitialized -fcx-limited-range -DHAVE_COSF   -std=c++14 -o CMakeFiles/cmTC_497e1.dir/src.cxx.o -c /home/alvaropr/workarea/gnuradio/gr-demonstrator/CMakeFiles/CMakeTmp/src.cxx
/home/alvaropr/workarea/gnuradio/gr-demonstrator/CMakeFiles/CMakeTmp/src.cxx: In function int main():
/home/alvaropr/workarea/gnuradio/gr-demonstrator/CMakeFiles/CMakeTmp/src.cxx:3:20: warning: statement has no effect [-Wunused-value]
    3 |     int main(){cosf(0); return 0;}
      |                ~~~~^~~
Linking CXX executable cmTC_497e1
/usr/bin/cmake -E cmake_link_script CMakeFiles/cmTC_497e1.dir/link.txt --verbose=1
/usr/bin/c++   -fvisibility=hidden -Wsign-compare -Wall -Wno-uninitialized -fcx-limited-range -DHAVE_COSF    CMakeFiles/cmTC_497e1.dir/src.cxx.o  -o cmTC_497e1 
make[1]: Leaving directory '/home/alvaropr/workarea/gnuradio/gr-demonstrator/CMakeFiles/CMakeTmp'


Source file was:

    #include <math.h>
    int main(){cosf(0); return 0;}
    
Performing C++ SOURCE FILE Test HAVE_MMAP succeeded with the following output:
Change Dir: /home/alvaropr/workarea/gnuradio/gr-demonstrator/CMakeFiles/CMakeTmp

Run Build Command(s):/usr/bin/make cmTC_2120b/fast && /usr/bin/make -f CMakeFiles/cmTC_2120b.dir/build.make CMakeFiles/cmTC_2120b.dir/build
make[1]: Entering directory '/home/alvaropr/workarea/gnuradio/gr-demonstrator/CMakeFiles/CMakeTmp'
Building CXX object CMakeFiles/cmTC_2120b.dir/src.cxx.o
/usr/bin/c++    -fvisibility=hidden -Wsign-compare -Wall -Wno-uninitialized -fcx-limited-range -DHAVE_MMAP   -std=c++14 -o CMakeFiles/cmTC_2120b.dir/src.cxx.o -c /home/alvaropr/workarea/gnuradio/gr-demonstrator/CMakeFiles/CMakeTmp/src.cxx
Linking CXX executable cmTC_2120b
/usr/bin/cmake -E cmake_link_script CMakeFiles/cmTC_2120b.dir/link.txt --verbose=1
/usr/bin/c++   -fvisibility=hidden -Wsign-compare -Wall -Wno-uninitialized -fcx-limited-range -DHAVE_MMAP    CMakeFiles/cmTC_2120b.dir/src.cxx.o  -o cmTC_2120b 
make[1]: Leaving directory '/home/alvaropr/workarea/gnuradio/gr-demonstrator/CMakeFiles/CMakeTmp'


Source file was:

    #include <sys/mman.h>
    int main(){mmap(0, 0, 0, 0, 0, 0); return 0;}
    
Performing C++ SOURCE FILE Test HAVE_PTHREAD_SETSCHEDPARAM succeeded with the following output:
Change Dir: /home/alvaropr/workarea/gnuradio/gr-demonstrator/CMakeFiles/CMakeTmp

Run Build Command(s):/usr/bin/make cmTC_c035a/fast && /usr/bin/make -f CMakeFiles/cmTC_c035a.dir/build.make CMakeFiles/cmTC_c035a.dir/build
make[1]: Entering directory '/home/alvaropr/workarea/gnuradio/gr-demonstrator/CMakeFiles/CMakeTmp'
Building CXX object CMakeFiles/cmTC_c035a.dir/src.cxx.o
/usr/bin/c++    -fvisibility=hidden -Wsign-compare -Wall -Wno-uninitialized -fcx-limited-range -DHAVE_PTHREAD_SETSCHEDPARAM   -std=c++14 -o CMakeFiles/cmTC_c035a.dir/src.cxx.o -c /home/alvaropr/workarea/gnuradio/gr-demonstrator/CMakeFiles/CMakeTmp/src.cxx
/home/alvaropr/workarea/gnuradio/gr-demonstrator/CMakeFiles/CMakeTmp/src.cxx: In function int main():
/home/alvaropr/workarea/gnuradio/gr-demonstrator/CMakeFiles/CMakeTmp/src.cxx:5:49: warning: null argument where non-null required (argument 3) [-Wnonnull]
    5 |             pthread_setschedparam(pthread,  0, 0);
      |                                                 ^
Linking CXX executable cmTC_c035a
/usr/bin/cmake -E cmake_link_script CMakeFiles/cmTC_c035a.dir/link.txt --verbose=1
/usr/bin/c++   -fvisibility=hidden -Wsign-compare -Wall -Wno-uninitialized -fcx-limited-range -DHAVE_PTHREAD_SETSCHEDPARAM    CMakeFiles/cmTC_c035a.dir/src.cxx.o  -o cmTC_c035a  -lpthread 
make[1]: Leaving directory '/home/alvaropr/workarea/gnuradio/gr-demonstrator/CMakeFiles/CMakeTmp'


Source file was:

        #include <pthread.h>
        int main(){
            pthread_t pthread;
            pthread_setschedparam(pthread,  0, 0);
            return 0;
        } 
Performing C++ SOURCE FILE Test HAVE_SCHED_SETSCHEDULER succeeded with the following output:
Change Dir: /home/alvaropr/workarea/gnuradio/gr-demonstrator/CMakeFiles/CMakeTmp

Run Build Command(s):/usr/bin/make cmTC_8b28f/fast && /usr/bin/make -f CMakeFiles/cmTC_8b28f.dir/build.make CMakeFiles/cmTC_8b28f.dir/build
make[1]: Entering directory '/home/alvaropr/workarea/gnuradio/gr-demonstrator/CMakeFiles/CMakeTmp'
Building CXX object CMakeFiles/cmTC_8b28f.dir/src.cxx.o
/usr/bin/c++    -fvisibility=hidden -Wsign-compare -Wall -Wno-uninitialized -fcx-limited-range -DHAVE_SCHED_SETSCHEDULER   -std=c++14 -o CMakeFiles/cmTC_8b28f.dir/src.cxx.o -c /home/alvaropr/workarea/gnuradio/gr-demonstrator/CMakeFiles/CMakeTmp/src.cxx
Linking CXX executable cmTC_8b28f
/usr/bin/cmake -E cmake_link_script CMakeFiles/cmTC_8b28f.dir/link.txt --verbose=1
/usr/bin/c++   -fvisibility=hidden -Wsign-compare -Wall -Wno-uninitialized -fcx-limited-range -DHAVE_SCHED_SETSCHEDULER    CMakeFiles/cmTC_8b28f.dir/src.cxx.o  -o cmTC_8b28f  -lpthread 
make[1]: Leaving directory '/home/alvaropr/workarea/gnuradio/gr-demonstrator/CMakeFiles/CMakeTmp'


Source file was:

        #include <sched.h>
        int main(){
            pid_t pid;
            sched_setscheduler(pid, 0, 0);
            return 0;
        } 
Determining if the include file sys/resource.h exists passed with the following output:
Change Dir: /home/alvaropr/workarea/gnuradio/gr-demonstrator/CMakeFiles/CMakeTmp

Run Build Command(s):/usr/bin/make cmTC_22549/fast && /usr/bin/make -f CMakeFiles/cmTC_22549.dir/build.make CMakeFiles/cmTC_22549.dir/build
make[1]: Entering directory '/home/alvaropr/workarea/gnuradio/gr-demonstrator/CMakeFiles/CMakeTmp'
Building CXX object CMakeFiles/cmTC_22549.dir/CheckIncludeFile.cxx.o
/usr/bin/c++    -fvisibility=hidden -Wsign-compare -Wall -Wno-uninitialized -fcx-limited-range    -std=c++14 -o CMakeFiles/cmTC_22549.dir/CheckIncludeFile.cxx.o -c /home/alvaropr/workarea/gnuradio/gr-demonstrator/CMakeFiles/CMakeTmp/CheckIncludeFile.cxx
Linking CXX executable cmTC_22549
/usr/bin/cmake -E cmake_link_script CMakeFiles/cmTC_22549.dir/link.txt --verbose=1
/usr/bin/c++   -fvisibility=hidden -Wsign-compare -Wall -Wno-uninitialized -fcx-limited-range     CMakeFiles/cmTC_22549.dir/CheckIncludeFile.cxx.o  -o cmTC_22549 
make[1]: Leaving directory '/home/alvaropr/workarea/gnuradio/gr-demonstrator/CMakeFiles/CMakeTmp'



Performing C++ SOURCE FILE Test HAS_FLTO succeeded with the following output:
Change Dir: /home/alvaropr/workarea/gnuradio/gr-demonstrator/CMakeFiles/CMakeTmp

Run Build Command(s):/usr/bin/make cmTC_18e81/fast && /usr/bin/make -f CMakeFiles/cmTC_18e81.dir/build.make CMakeFiles/cmTC_18e81.dir/build
make[1]: Entering directory '/home/alvaropr/workarea/gnuradio/gr-demonstrator/CMakeFiles/CMakeTmp'
Building CXX object CMakeFiles/cmTC_18e81.dir/src.cxx.o
/usr/bin/c++    -fvisibility=hidden -Wsign-compare -Wall -Wno-uninitialized -fcx-limited-range -DHAS_FLTO   -flto -fno-fat-lto-objects -std=c++14 -o CMakeFiles/cmTC_18e81.dir/src.cxx.o -c /home/alvaropr/workarea/gnuradio/gr-demonstrator/CMakeFiles/CMakeTmp/src.cxx
Linking CXX executable cmTC_18e81
/usr/bin/cmake -E cmake_link_script CMakeFiles/cmTC_18e81.dir/link.txt --verbose=1
/usr/bin/c++   -fvisibility=hidden -Wsign-compare -Wall -Wno-uninitialized -fcx-limited-range -DHAS_FLTO    CMakeFiles/cmTC_18e81.dir/src.cxx.o  -o cmTC_18e81  -flto 
make[1]: Leaving directory '/home/alvaropr/workarea/gnuradio/gr-demonstrator/CMakeFiles/CMakeTmp'


Source file was:
int main() { return 0; }
