Performing C SOURCE FILE Test CMAKE_HAVE_LIBC_PTHREAD failed with the following output:
Change Dir: /home/alvaropr/workarea/gnuradio/gr-demonstrator/CMakeFiles/CMakeTmp

Run Build Command(s):/usr/bin/make cmTC_58fc2/fast && /usr/bin/make -f CMakeFiles/cmTC_58fc2.dir/build.make CMakeFiles/cmTC_58fc2.dir/build
make[1]: Entering directory '/home/alvaropr/workarea/gnuradio/gr-demonstrator/CMakeFiles/CMakeTmp'
Building C object CMakeFiles/cmTC_58fc2.dir/src.c.o
/usr/bin/cc   -DCMAKE_HAVE_LIBC_PTHREAD   -o CMakeFiles/cmTC_58fc2.dir/src.c.o   -c /home/alvaropr/workarea/gnuradio/gr-demonstrator/CMakeFiles/CMakeTmp/src.c
Linking C executable cmTC_58fc2
/usr/bin/cmake -E cmake_link_script CMakeFiles/cmTC_58fc2.dir/link.txt --verbose=1
/usr/bin/cc  -DCMAKE_HAVE_LIBC_PTHREAD    CMakeFiles/cmTC_58fc2.dir/src.c.o  -o cmTC_58fc2 
/usr/bin/ld: CMakeFiles/cmTC_58fc2.dir/src.c.o: in function `main':
src.c:(.text+0x46): undefined reference to `pthread_create'
/usr/bin/ld: src.c:(.text+0x52): undefined reference to `pthread_detach'
/usr/bin/ld: src.c:(.text+0x63): undefined reference to `pthread_join'
collect2: error: ld returned 1 exit status
make[1]: *** [CMakeFiles/cmTC_58fc2.dir/build.make:87: cmTC_58fc2] Error 1
make[1]: Leaving directory '/home/alvaropr/workarea/gnuradio/gr-demonstrator/CMakeFiles/CMakeTmp'
make: *** [Makefile:121: cmTC_58fc2/fast] Error 2


Source file was:
#include <pthread.h>

void* test_func(void* data)
{
  return data;
}

int main(void)
{
  pthread_t thread;
  pthread_create(&thread, NULL, test_func, NULL);
  pthread_detach(thread);
  pthread_join(thread, NULL);
  pthread_atfork(NULL, NULL, NULL);
  pthread_exit(NULL);

  return 0;
}

Determining if the function pthread_create exists in the pthreads failed with the following output:
Change Dir: /home/alvaropr/workarea/gnuradio/gr-demonstrator/CMakeFiles/CMakeTmp

Run Build Command(s):/usr/bin/make cmTC_b3350/fast && /usr/bin/make -f CMakeFiles/cmTC_b3350.dir/build.make CMakeFiles/cmTC_b3350.dir/build
make[1]: Entering directory '/home/alvaropr/workarea/gnuradio/gr-demonstrator/CMakeFiles/CMakeTmp'
Building C object CMakeFiles/cmTC_b3350.dir/CheckFunctionExists.c.o
/usr/bin/cc   -DCHECK_FUNCTION_EXISTS=pthread_create   -o CMakeFiles/cmTC_b3350.dir/CheckFunctionExists.c.o   -c /usr/share/cmake-3.16/Modules/CheckFunctionExists.c
Linking C executable cmTC_b3350
/usr/bin/cmake -E cmake_link_script CMakeFiles/cmTC_b3350.dir/link.txt --verbose=1
/usr/bin/cc  -DCHECK_FUNCTION_EXISTS=pthread_create    CMakeFiles/cmTC_b3350.dir/CheckFunctionExists.c.o  -o cmTC_b3350  -lpthreads 
/usr/bin/ld: cannot find -lpthreads
collect2: error: ld returned 1 exit status
make[1]: *** [CMakeFiles/cmTC_b3350.dir/build.make:87: cmTC_b3350] Error 1
make[1]: Leaving directory '/home/alvaropr/workarea/gnuradio/gr-demonstrator/CMakeFiles/CMakeTmp'
make: *** [Makefile:121: cmTC_b3350/fast] Error 2



Performing C++ SOURCE FILE Test HAVE_CREATEFILEMAPPING failed with the following output:
Change Dir: /home/alvaropr/workarea/gnuradio/gr-demonstrator/CMakeFiles/CMakeTmp

Run Build Command(s):/usr/bin/make cmTC_d6052/fast && /usr/bin/make -f CMakeFiles/cmTC_d6052.dir/build.make CMakeFiles/cmTC_d6052.dir/build
make[1]: Entering directory '/home/alvaropr/workarea/gnuradio/gr-demonstrator/CMakeFiles/CMakeTmp'
Building CXX object CMakeFiles/cmTC_d6052.dir/src.cxx.o
/usr/bin/c++    -fvisibility=hidden -Wsign-compare -Wall -Wno-uninitialized -fcx-limited-range -DHAVE_CREATEFILEMAPPING   -std=c++14 -o CMakeFiles/cmTC_d6052.dir/src.cxx.o -c /home/alvaropr/workarea/gnuradio/gr-demonstrator/CMakeFiles/CMakeTmp/src.cxx
/home/alvaropr/workarea/gnuradio/gr-demonstrator/CMakeFiles/CMakeTmp/src.cxx:2:14: fatal error: windows.h: No such file or directory
    2 |     #include <windows.h>
      |              ^~~~~~~~~~~
compilation terminated.
make[1]: *** [CMakeFiles/cmTC_d6052.dir/build.make:66: CMakeFiles/cmTC_d6052.dir/src.cxx.o] Error 1
make[1]: Leaving directory '/home/alvaropr/workarea/gnuradio/gr-demonstrator/CMakeFiles/CMakeTmp'
make: *** [Makefile:121: cmTC_d6052/fast] Error 2


Source file was:

    #include <windows.h>
    int main(){
        HANDLE handle;
        int size;
        LPCTSTR lpName;
        handle = CreateFileMapping(
                         INVALID_HANDLE_VALUE,    // use paging file
                         NULL,                    // default security
                         PAGE_READWRITE,          // read/write access
                         0,                       // max. object size
                         size,                    // buffer size
                         lpName);                 // name of mapping object
        return 0;
    } 
Determining if the include file windows.h exists failed with the following output:
Change Dir: /home/alvaropr/workarea/gnuradio/gr-demonstrator/CMakeFiles/CMakeTmp

Run Build Command(s):/usr/bin/make cmTC_f72f6/fast && /usr/bin/make -f CMakeFiles/cmTC_f72f6.dir/build.make CMakeFiles/cmTC_f72f6.dir/build
make[1]: Entering directory '/home/alvaropr/workarea/gnuradio/gr-demonstrator/CMakeFiles/CMakeTmp'
Building CXX object CMakeFiles/cmTC_f72f6.dir/CheckIncludeFile.cxx.o
/usr/bin/c++    -fvisibility=hidden -Wsign-compare -Wall -Wno-uninitialized -fcx-limited-range    -std=c++14 -o CMakeFiles/cmTC_f72f6.dir/CheckIncludeFile.cxx.o -c /home/alvaropr/workarea/gnuradio/gr-demonstrator/CMakeFiles/CMakeTmp/CheckIncludeFile.cxx
/home/alvaropr/workarea/gnuradio/gr-demonstrator/CMakeFiles/CMakeTmp/CheckIncludeFile.cxx:1:10: fatal error: windows.h: No such file or directory
    1 | #include <windows.h>
      |          ^~~~~~~~~~~
compilation terminated.
make[1]: *** [CMakeFiles/cmTC_f72f6.dir/build.make:66: CMakeFiles/cmTC_f72f6.dir/CheckIncludeFile.cxx.o] Error 1
make[1]: Leaving directory '/home/alvaropr/workarea/gnuradio/gr-demonstrator/CMakeFiles/CMakeTmp'
make: *** [Makefile:121: cmTC_f72f6/fast] Error 2



